0 info it worked if it ends with ok
1 verbose cli [ '/usr/local/bin/node',
1 verbose cli   '/usr/local/bin/npm',
1 verbose cli   'install',
1 verbose cli   '-g',
1 verbose cli   'grunt-cli' ]
2 info using npm@3.10.10
3 info using node@v6.11.3
4 silly loadCurrentTree Starting
5 silly install loadCurrentTree
6 silly install readGlobalPackageData
7 silly fetchPackageMetaData grunt-cli
8 silly fetchNamedPackageData grunt-cli
9 silly mapToRegistry name grunt-cli
10 silly mapToRegistry using default registry
11 silly mapToRegistry registry https://registry.npmjs.org/
12 silly mapToRegistry data Result {
12 silly mapToRegistry   raw: 'grunt-cli',
12 silly mapToRegistry   scope: null,
12 silly mapToRegistry   escapedName: 'grunt-cli',
12 silly mapToRegistry   name: 'grunt-cli',
12 silly mapToRegistry   rawSpec: '',
12 silly mapToRegistry   spec: 'latest',
12 silly mapToRegistry   type: 'tag' }
13 silly mapToRegistry uri https://registry.npmjs.org/grunt-cli
14 verbose request uri https://registry.npmjs.org/grunt-cli
15 verbose request no auth needed
16 info attempt registry request try #1 at 9:24:25 AM
17 verbose request id f71488b45bd69007
18 verbose etag W/"1e3b54409f07d7f0b804d9a5bb94a58a"
19 verbose lastModified Sat, 26 May 2018 10:43:12 GMT
20 http request GET https://registry.npmjs.org/grunt-cli
21 http 304 https://registry.npmjs.org/grunt-cli
22 verbose headers { date: 'Thu, 14 Jun 2018 13:24:25 GMT',
22 verbose headers   connection: 'keep-alive',
22 verbose headers   'set-cookie': [ '__cfduid=db54607365dc1d62ca44871d8e48bb0cc1528982665; expires=Fri, 14-Jun-19 13:24:25 GMT; path=/; domain=.registry.npmjs.org; HttpOnly' ],
22 verbose headers   'cache-control': 'max-age=300',
22 verbose headers   'cf-cache-status': 'HIT',
22 verbose headers   'cf-ray': '42ad1df93a879fea-IAD',
22 verbose headers   etag: '"1e3b54409f07d7f0b804d9a5bb94a58a"',
22 verbose headers   'expect-ct': 'max-age=604800, report-uri="https://report-uri.cloudflare.com/cdn-cgi/beacon/expect-ct"',
22 verbose headers   'last-modified': 'Sat, 26 May 2018 10:43:12 GMT',
22 verbose headers   vary: 'accept-encoding, accept',
22 verbose headers   server: 'cloudflare' }
23 silly get cb [ 304,
23 silly get   { date: 'Thu, 14 Jun 2018 13:24:25 GMT',
23 silly get     connection: 'keep-alive',
23 silly get     'set-cookie': [ '__cfduid=db54607365dc1d62ca44871d8e48bb0cc1528982665; expires=Fri, 14-Jun-19 13:24:25 GMT; path=/; domain=.registry.npmjs.org; HttpOnly' ],
23 silly get     'cache-control': 'max-age=300',
23 silly get     'cf-cache-status': 'HIT',
23 silly get     'cf-ray': '42ad1df93a879fea-IAD',
23 silly get     etag: '"1e3b54409f07d7f0b804d9a5bb94a58a"',
23 silly get     'expect-ct': 'max-age=604800, report-uri="https://report-uri.cloudflare.com/cdn-cgi/beacon/expect-ct"',
23 silly get     'last-modified': 'Sat, 26 May 2018 10:43:12 GMT',
23 silly get     vary: 'accept-encoding, accept',
23 silly get     server: 'cloudflare' } ]
24 verbose etag https://registry.npmjs.org/grunt-cli from cache
25 verbose get saving grunt-cli to /Users/MHummel/.npm/registry.npmjs.org/grunt-cli/.cache.json
26 verbose correctMkdir /Users/MHummel/.npm correctMkdir not in flight; initializing
27 silly install normalizeTree
28 silly loadCurrentTree Finishing
29 silly loadIdealTree Starting
30 silly install loadIdealTree
31 silly cloneCurrentTree Starting
32 silly install cloneCurrentTreeToIdealTree
33 silly cloneCurrentTree Finishing
34 silly loadShrinkwrap Starting
35 silly install loadShrinkwrap
36 silly loadShrinkwrap Finishing
37 silly loadAllDepsIntoIdealTree Starting
38 silly install loadAllDepsIntoIdealTree
39 silly resolveWithNewModule grunt-cli@1.2.0 checking installable status
40 silly cache add args [ 'grunt-cli', null ]
41 verbose cache add spec grunt-cli
42 silly cache add parsed spec Result {
42 silly cache add   raw: 'grunt-cli',
42 silly cache add   scope: null,
42 silly cache add   escapedName: 'grunt-cli',
42 silly cache add   name: 'grunt-cli',
42 silly cache add   rawSpec: '',
42 silly cache add   spec: 'latest',
42 silly cache add   type: 'tag' }
43 silly addNamed grunt-cli@latest
44 verbose addNamed "latest" is being treated as a dist-tag for grunt-cli
45 info addNameTag [ 'grunt-cli', 'latest' ]
46 silly mapToRegistry name grunt-cli
47 silly mapToRegistry using default registry
48 silly mapToRegistry registry https://registry.npmjs.org/
49 silly mapToRegistry data Result {
49 silly mapToRegistry   raw: 'grunt-cli',
49 silly mapToRegistry   scope: null,
49 silly mapToRegistry   escapedName: 'grunt-cli',
49 silly mapToRegistry   name: 'grunt-cli',
49 silly mapToRegistry   rawSpec: '',
49 silly mapToRegistry   spec: 'latest',
49 silly mapToRegistry   type: 'tag' }
50 silly mapToRegistry uri https://registry.npmjs.org/grunt-cli
51 verbose addNameTag registry:https://registry.npmjs.org/grunt-cli not in flight; fetching
52 verbose get https://registry.npmjs.org/grunt-cli not expired, no request
53 silly addNameTag next cb for grunt-cli with tag latest
54 silly addNamed grunt-cli@1.2.0
55 verbose addNamed "1.2.0" is a plain semver version for grunt-cli
56 silly cache afterAdd grunt-cli@1.2.0
57 verbose afterAdd /Users/MHummel/.npm/grunt-cli/1.2.0/package/package.json not in flight; writing
58 verbose correctMkdir /Users/MHummel/.npm correctMkdir not in flight; initializing
59 verbose afterAdd /Users/MHummel/.npm/grunt-cli/1.2.0/package/package.json written
60 silly fetchNamedPackageData findup-sync
61 silly mapToRegistry name findup-sync
62 silly mapToRegistry using default registry
63 silly mapToRegistry registry https://registry.npmjs.org/
64 silly mapToRegistry data Result {
64 silly mapToRegistry   raw: 'findup-sync',
64 silly mapToRegistry   scope: null,
64 silly mapToRegistry   escapedName: 'findup-sync',
64 silly mapToRegistry   name: 'findup-sync',
64 silly mapToRegistry   rawSpec: '',
64 silly mapToRegistry   spec: 'latest',
64 silly mapToRegistry   type: 'tag' }
65 silly mapToRegistry uri https://registry.npmjs.org/findup-sync
66 silly fetchNamedPackageData grunt-known-options
67 silly mapToRegistry name grunt-known-options
68 silly mapToRegistry using default registry
69 silly mapToRegistry registry https://registry.npmjs.org/
70 silly mapToRegistry data Result {
70 silly mapToRegistry   raw: 'grunt-known-options',
70 silly mapToRegistry   scope: null,
70 silly mapToRegistry   escapedName: 'grunt-known-options',
70 silly mapToRegistry   name: 'grunt-known-options',
70 silly mapToRegistry   rawSpec: '',
70 silly mapToRegistry   spec: 'latest',
70 silly mapToRegistry   type: 'tag' }
71 silly mapToRegistry uri https://registry.npmjs.org/grunt-known-options
72 silly fetchNamedPackageData nopt
73 silly mapToRegistry name nopt
74 silly mapToRegistry using default registry
75 silly mapToRegistry registry https://registry.npmjs.org/
76 silly mapToRegistry data Result {
76 silly mapToRegistry   raw: 'nopt',
76 silly mapToRegistry   scope: null,
76 silly mapToRegistry   escapedName: 'nopt',
76 silly mapToRegistry   name: 'nopt',
76 silly mapToRegistry   rawSpec: '',
76 silly mapToRegistry   spec: 'latest',
76 silly mapToRegistry   type: 'tag' }
77 silly mapToRegistry uri https://registry.npmjs.org/nopt
78 silly fetchNamedPackageData resolve
79 silly mapToRegistry name resolve
80 silly mapToRegistry using default registry
81 silly mapToRegistry registry https://registry.npmjs.org/
82 silly mapToRegistry data Result {
82 silly mapToRegistry   raw: 'resolve',
82 silly mapToRegistry   scope: null,
82 silly mapToRegistry   escapedName: 'resolve',
82 silly mapToRegistry   name: 'resolve',
82 silly mapToRegistry   rawSpec: '',
82 silly mapToRegistry   spec: 'latest',
82 silly mapToRegistry   type: 'tag' }
83 silly mapToRegistry uri https://registry.npmjs.org/resolve
84 verbose request uri https://registry.npmjs.org/findup-sync
85 verbose request no auth needed
86 info attempt registry request try #1 at 9:24:25 AM
87 verbose etag W/"d246592e086374178b46b1eb0c6f6eb3"
88 verbose lastModified Sat, 26 May 2018 08:33:38 GMT
89 http request GET https://registry.npmjs.org/findup-sync
90 verbose request uri https://registry.npmjs.org/resolve
91 verbose request no auth needed
92 info attempt registry request try #1 at 9:24:25 AM
93 verbose etag W/"b1da6f2acba2dfb67de54728dc843d2b"
94 verbose lastModified Sun, 27 May 2018 15:56:06 GMT
95 http request GET https://registry.npmjs.org/resolve
96 verbose request uri https://registry.npmjs.org/grunt-known-options
97 verbose request no auth needed
98 info attempt registry request try #1 at 9:24:25 AM
99 verbose etag W/"84136921d75aeacc9029f48e16defe2b"
100 verbose lastModified Sun, 27 May 2018 02:57:23 GMT
101 http request GET https://registry.npmjs.org/grunt-known-options
102 verbose request uri https://registry.npmjs.org/nopt
103 verbose request no auth needed
104 info attempt registry request try #1 at 9:24:25 AM
105 verbose etag "59e75913-848a"
106 verbose lastModified Wed, 18 Oct 2017 13:37:23 GMT
107 http request GET https://registry.npmjs.org/nopt
108 http 304 https://registry.npmjs.org/findup-sync
109 verbose headers { date: 'Thu, 14 Jun 2018 13:24:25 GMT',
109 verbose headers   connection: 'keep-alive',
109 verbose headers   'set-cookie': [ '__cfduid=db54607365dc1d62ca44871d8e48bb0cc1528982665; expires=Fri, 14-Jun-19 13:24:25 GMT; path=/; domain=.registry.npmjs.org; HttpOnly' ],
109 verbose headers   'cache-control': 'max-age=300',
109 verbose headers   'cf-cache-status': 'HIT',
109 verbose headers   'cf-ray': '42ad1dfa9c199fea-IAD',
109 verbose headers   etag: '"d246592e086374178b46b1eb0c6f6eb3"',
109 verbose headers   'expect-ct': 'max-age=604800, report-uri="https://report-uri.cloudflare.com/cdn-cgi/beacon/expect-ct"',
109 verbose headers   'last-modified': 'Sat, 26 May 2018 08:33:38 GMT',
109 verbose headers   vary: 'accept-encoding, accept',
109 verbose headers   server: 'cloudflare' }
110 silly get cb [ 304,
110 silly get   { date: 'Thu, 14 Jun 2018 13:24:25 GMT',
110 silly get     connection: 'keep-alive',
110 silly get     'set-cookie': [ '__cfduid=db54607365dc1d62ca44871d8e48bb0cc1528982665; expires=Fri, 14-Jun-19 13:24:25 GMT; path=/; domain=.registry.npmjs.org; HttpOnly' ],
110 silly get     'cache-control': 'max-age=300',
110 silly get     'cf-cache-status': 'HIT',
110 silly get     'cf-ray': '42ad1dfa9c199fea-IAD',
110 silly get     etag: '"d246592e086374178b46b1eb0c6f6eb3"',
110 silly get     'expect-ct': 'max-age=604800, report-uri="https://report-uri.cloudflare.com/cdn-cgi/beacon/expect-ct"',
110 silly get     'last-modified': 'Sat, 26 May 2018 08:33:38 GMT',
110 silly get     vary: 'accept-encoding, accept',
110 silly get     server: 'cloudflare' } ]
111 verbose etag https://registry.npmjs.org/findup-sync from cache
112 verbose get saving findup-sync to /Users/MHummel/.npm/registry.npmjs.org/findup-sync/.cache.json
113 verbose correctMkdir /Users/MHummel/.npm correctMkdir not in flight; initializing
114 silly resolveWithNewModule findup-sync@0.3.0 checking installable status
115 silly cache add args [ 'findup-sync@~0.3.0', null ]
116 verbose cache add spec findup-sync@~0.3.0
117 silly cache add parsed spec Result {
117 silly cache add   raw: 'findup-sync@~0.3.0',
117 silly cache add   scope: null,
117 silly cache add   escapedName: 'findup-sync',
117 silly cache add   name: 'findup-sync',
117 silly cache add   rawSpec: '~0.3.0',
117 silly cache add   spec: '>=0.3.0 <0.4.0',
117 silly cache add   type: 'range' }
118 silly addNamed findup-sync@>=0.3.0 <0.4.0
119 verbose addNamed ">=0.3.0 <0.4.0" is a valid semver range for findup-sync
120 silly addNameRange { name: 'findup-sync', range: '>=0.3.0 <0.4.0', hasData: false }
121 silly mapToRegistry name findup-sync
122 silly mapToRegistry using default registry
123 silly mapToRegistry registry https://registry.npmjs.org/
124 silly mapToRegistry data Result {
124 silly mapToRegistry   raw: 'findup-sync',
124 silly mapToRegistry   scope: null,
124 silly mapToRegistry   escapedName: 'findup-sync',
124 silly mapToRegistry   name: 'findup-sync',
124 silly mapToRegistry   rawSpec: '',
124 silly mapToRegistry   spec: 'latest',
124 silly mapToRegistry   type: 'tag' }
125 silly mapToRegistry uri https://registry.npmjs.org/findup-sync
126 verbose addNameRange registry:https://registry.npmjs.org/findup-sync not in flight; fetching
127 verbose get https://registry.npmjs.org/findup-sync not expired, no request
128 silly addNameRange number 2 { name: 'findup-sync', range: '>=0.3.0 <0.4.0', hasData: true }
129 silly addNameRange versions [ 'findup-sync',
129 silly addNameRange   [ '0.1.0',
129 silly addNameRange     '0.1.1',
129 silly addNameRange     '0.1.2',
129 silly addNameRange     '0.1.3',
129 silly addNameRange     '0.2.0',
129 silly addNameRange     '0.2.1',
129 silly addNameRange     '0.3.0',
129 silly addNameRange     '0.4.0',
129 silly addNameRange     '0.4.1',
129 silly addNameRange     '0.4.2',
129 silly addNameRange     '0.4.3',
129 silly addNameRange     '1.0.0',
129 silly addNameRange     '2.0.0' ] ]
130 silly addNamed findup-sync@0.3.0
131 verbose addNamed "0.3.0" is a plain semver version for findup-sync
132 silly cache afterAdd findup-sync@0.3.0
133 verbose afterAdd /Users/MHummel/.npm/findup-sync/0.3.0/package/package.json not in flight; writing
134 verbose correctMkdir /Users/MHummel/.npm correctMkdir not in flight; initializing
135 verbose afterAdd /Users/MHummel/.npm/findup-sync/0.3.0/package/package.json written
136 http 304 https://registry.npmjs.org/resolve
137 verbose headers { date: 'Thu, 14 Jun 2018 13:24:25 GMT',
137 verbose headers   connection: 'keep-alive',
137 verbose headers   'set-cookie': [ '__cfduid=d61264769f2f1ed8bbb9a60c41521ccb81528982665; expires=Fri, 14-Jun-19 13:24:25 GMT; path=/; domain=.registry.npmjs.org; HttpOnly' ],
137 verbose headers   'cache-control': 'max-age=300',
137 verbose headers   'cf-cache-status': 'HIT',
137 verbose headers   'cf-ray': '42ad1dfad8a99fd2-IAD',
137 verbose headers   etag: '"b1da6f2acba2dfb67de54728dc843d2b"',
137 verbose headers   'expect-ct': 'max-age=604800, report-uri="https://report-uri.cloudflare.com/cdn-cgi/beacon/expect-ct"',
137 verbose headers   'last-modified': 'Sun, 27 May 2018 15:56:06 GMT',
137 verbose headers   vary: 'accept-encoding, accept',
137 verbose headers   server: 'cloudflare' }
138 silly get cb [ 304,
138 silly get   { date: 'Thu, 14 Jun 2018 13:24:25 GMT',
138 silly get     connection: 'keep-alive',
138 silly get     'set-cookie': [ '__cfduid=d61264769f2f1ed8bbb9a60c41521ccb81528982665; expires=Fri, 14-Jun-19 13:24:25 GMT; path=/; domain=.registry.npmjs.org; HttpOnly' ],
138 silly get     'cache-control': 'max-age=300',
138 silly get     'cf-cache-status': 'HIT',
138 silly get     'cf-ray': '42ad1dfad8a99fd2-IAD',
138 silly get     etag: '"b1da6f2acba2dfb67de54728dc843d2b"',
138 silly get     'expect-ct': 'max-age=604800, report-uri="https://report-uri.cloudflare.com/cdn-cgi/beacon/expect-ct"',
138 silly get     'last-modified': 'Sun, 27 May 2018 15:56:06 GMT',
138 silly get     vary: 'accept-encoding, accept',
138 silly get     server: 'cloudflare' } ]
139 verbose etag https://registry.npmjs.org/resolve from cache
140 verbose get saving resolve to /Users/MHummel/.npm/registry.npmjs.org/resolve/.cache.json
141 verbose correctMkdir /Users/MHummel/.npm correctMkdir not in flight; initializing
142 silly resolveWithNewModule resolve@1.1.7 checking installable status
143 silly cache add args [ 'resolve@~1.1.0', null ]
144 verbose cache add spec resolve@~1.1.0
145 silly cache add parsed spec Result {
145 silly cache add   raw: 'resolve@~1.1.0',
145 silly cache add   scope: null,
145 silly cache add   escapedName: 'resolve',
145 silly cache add   name: 'resolve',
145 silly cache add   rawSpec: '~1.1.0',
145 silly cache add   spec: '>=1.1.0 <1.2.0',
145 silly cache add   type: 'range' }
146 silly addNamed resolve@>=1.1.0 <1.2.0
147 verbose addNamed ">=1.1.0 <1.2.0" is a valid semver range for resolve
148 silly addNameRange { name: 'resolve', range: '>=1.1.0 <1.2.0', hasData: false }
149 silly mapToRegistry name resolve
150 silly mapToRegistry using default registry
151 silly mapToRegistry registry https://registry.npmjs.org/
152 silly mapToRegistry data Result {
152 silly mapToRegistry   raw: 'resolve',
152 silly mapToRegistry   scope: null,
152 silly mapToRegistry   escapedName: 'resolve',
152 silly mapToRegistry   name: 'resolve',
152 silly mapToRegistry   rawSpec: '',
152 silly mapToRegistry   spec: 'latest',
152 silly mapToRegistry   type: 'tag' }
153 silly mapToRegistry uri https://registry.npmjs.org/resolve
154 verbose addNameRange registry:https://registry.npmjs.org/resolve not in flight; fetching
155 verbose get https://registry.npmjs.org/resolve not expired, no request
156 silly addNameRange number 2 { name: 'resolve', range: '>=1.1.0 <1.2.0', hasData: true }
157 silly addNameRange versions [ 'resolve',
157 silly addNameRange   [ '0.0.0',
157 silly addNameRange     '0.0.1',
157 silly addNameRange     '0.0.2',
157 silly addNameRange     '0.0.3',
157 silly addNameRange     '0.0.4',
157 silly addNameRange     '0.1.0',
157 silly addNameRange     '0.1.2',
157 silly addNameRange     '0.1.3',
157 silly addNameRange     '0.2.0',
157 silly addNameRange     '0.2.1',
157 silly addNameRange     '0.2.2',
157 silly addNameRange     '0.2.3',
157 silly addNameRange     '0.2.4',
157 silly addNameRange     '0.2.5',
157 silly addNameRange     '0.2.6',
157 silly addNameRange     '0.2.7',
157 silly addNameRange     '0.2.8',
157 silly addNameRange     '0.3.0',
157 silly addNameRange     '0.3.1',
157 silly addNameRange     '0.4.0',
157 silly addNameRange     '0.4.1',
157 silly addNameRange     '0.4.2',
157 silly addNameRange     '0.4.3',
157 silly addNameRange     '0.5.0',
157 silly addNameRange     '0.5.1',
157 silly addNameRange     '0.6.0',
157 silly addNameRange     '0.6.1',
157 silly addNameRange     '0.6.2',
157 silly addNameRange     '0.6.3',
157 silly addNameRange     '0.7.0',
157 silly addNameRange     '0.7.1',
157 silly addNameRange     '0.7.2',
157 silly addNameRange     '0.7.3',
157 silly addNameRange     '0.7.4',
157 silly addNameRange     '1.0.0',
157 silly addNameRange     '1.1.0',
157 silly addNameRange     '1.1.2',
157 silly addNameRange     '1.1.3',
157 silly addNameRange     '1.1.4',
157 silly addNameRange     '1.1.5',
157 silly addNameRange     '1.1.6',
157 silly addNameRange     '1.1.7',
157 silly addNameRange     '1.2.0',
157 silly addNameRange     '1.3.0',
157 silly addNameRange     '1.3.1',
157 silly addNameRange     '1.2.1',
157 silly addNameRange     '1.3.2',
157 silly addNameRange     '1.3.3',
157 silly addNameRange     '1.4.0',
157 silly addNameRange     '1.5.0',
157 silly addNameRange     '1.6.0',
157 silly addNameRange     '1.7.0',
157 silly addNameRange     '1.7.1' ] ]
158 silly addNamed resolve@1.1.7
159 verbose addNamed "1.1.7" is a plain semver version for resolve
160 silly cache afterAdd resolve@1.1.7
161 verbose afterAdd /Users/MHummel/.npm/resolve/1.1.7/package/package.json not in flight; writing
162 verbose correctMkdir /Users/MHummel/.npm correctMkdir not in flight; initializing
163 verbose afterAdd /Users/MHummel/.npm/resolve/1.1.7/package/package.json written
164 http 200 https://registry.npmjs.org/nopt
165 verbose headers { date: 'Thu, 14 Jun 2018 13:24:25 GMT',
165 verbose headers   'content-type': 'application/json; charset=UTF-8',
165 verbose headers   'transfer-encoding': 'chunked',
165 verbose headers   connection: 'keep-alive',
165 verbose headers   'set-cookie': [ '__cfduid=d280d2f7e4167f918d3c67f707dfc21ab1528982665; expires=Fri, 14-Jun-19 13:24:25 GMT; path=/; domain=.registry.npmjs.org; HttpOnly' ],
165 verbose headers   'cache-control': 'max-age=300',
165 verbose headers   'cf-cache-status': 'HIT',
165 verbose headers   'cf-ray': '42ad1dfadb579f48-IAD',
165 verbose headers   etag: 'W/"f3d46510cb47779c91dcb5b90843b18a"',
165 verbose headers   'expect-ct': 'max-age=604800, report-uri="https://report-uri.cloudflare.com/cdn-cgi/beacon/expect-ct"',
165 verbose headers   'last-modified': 'Sun, 27 May 2018 10:32:48 GMT',
165 verbose headers   vary: 'accept-encoding, accept',
165 verbose headers   server: 'cloudflare',
165 verbose headers   'content-encoding': 'gzip' }
166 silly get cb [ 200,
166 silly get   { date: 'Thu, 14 Jun 2018 13:24:25 GMT',
166 silly get     'content-type': 'application/json; charset=UTF-8',
166 silly get     'transfer-encoding': 'chunked',
166 silly get     connection: 'keep-alive',
166 silly get     'set-cookie': [ '__cfduid=d280d2f7e4167f918d3c67f707dfc21ab1528982665; expires=Fri, 14-Jun-19 13:24:25 GMT; path=/; domain=.registry.npmjs.org; HttpOnly' ],
166 silly get     'cache-control': 'max-age=300',
166 silly get     'cf-cache-status': 'HIT',
166 silly get     'cf-ray': '42ad1dfadb579f48-IAD',
166 silly get     etag: 'W/"f3d46510cb47779c91dcb5b90843b18a"',
166 silly get     'expect-ct': 'max-age=604800, report-uri="https://report-uri.cloudflare.com/cdn-cgi/beacon/expect-ct"',
166 silly get     'last-modified': 'Sun, 27 May 2018 10:32:48 GMT',
166 silly get     vary: 'accept-encoding, accept',
166 silly get     server: 'cloudflare',
166 silly get     'content-encoding': 'gzip' } ]
167 verbose get saving nopt to /Users/MHummel/.npm/registry.npmjs.org/nopt/.cache.json
168 verbose correctMkdir /Users/MHummel/.npm correctMkdir not in flight; initializing
169 silly resolveWithNewModule nopt@3.0.6 checking installable status
170 silly cache add args [ 'nopt@~3.0.6', null ]
171 verbose cache add spec nopt@~3.0.6
172 silly cache add parsed spec Result {
172 silly cache add   raw: 'nopt@~3.0.6',
172 silly cache add   scope: null,
172 silly cache add   escapedName: 'nopt',
172 silly cache add   name: 'nopt',
172 silly cache add   rawSpec: '~3.0.6',
172 silly cache add   spec: '>=3.0.6 <3.1.0',
172 silly cache add   type: 'range' }
173 silly addNamed nopt@>=3.0.6 <3.1.0
174 verbose addNamed ">=3.0.6 <3.1.0" is a valid semver range for nopt
175 silly addNameRange { name: 'nopt', range: '>=3.0.6 <3.1.0', hasData: false }
176 silly mapToRegistry name nopt
177 silly mapToRegistry using default registry
178 silly mapToRegistry registry https://registry.npmjs.org/
179 silly mapToRegistry data Result {
179 silly mapToRegistry   raw: 'nopt',
179 silly mapToRegistry   scope: null,
179 silly mapToRegistry   escapedName: 'nopt',
179 silly mapToRegistry   name: 'nopt',
179 silly mapToRegistry   rawSpec: '',
179 silly mapToRegistry   spec: 'latest',
179 silly mapToRegistry   type: 'tag' }
180 silly mapToRegistry uri https://registry.npmjs.org/nopt
181 verbose addNameRange registry:https://registry.npmjs.org/nopt not in flight; fetching
182 verbose get https://registry.npmjs.org/nopt not expired, no request
183 silly addNameRange number 2 { name: 'nopt', range: '>=3.0.6 <3.1.0', hasData: true }
184 silly addNameRange versions [ 'nopt',
184 silly addNameRange   [ '1.0.0',
184 silly addNameRange     '1.0.1',
184 silly addNameRange     '1.0.2',
184 silly addNameRange     '1.0.3',
184 silly addNameRange     '1.0.4',
184 silly addNameRange     '1.0.5',
184 silly addNameRange     '1.0.6',
184 silly addNameRange     '1.0.7',
184 silly addNameRange     '1.0.8',
184 silly addNameRange     '1.0.9',
184 silly addNameRange     '1.0.10',
184 silly addNameRange     '2.0.0',
184 silly addNameRange     '2.1.0',
184 silly addNameRange     '2.1.1',
184 silly addNameRange     '2.1.2',
184 silly addNameRange     '2.2.0',
184 silly addNameRange     '2.2.1',
184 silly addNameRange     '3.0.0',
184 silly addNameRange     '3.0.1',
184 silly addNameRange     '3.0.2',
184 silly addNameRange     '3.0.3',
184 silly addNameRange     '3.0.4',
184 silly addNameRange     '3.0.5',
184 silly addNameRange     '3.0.6',
184 silly addNameRange     '4.0.0',
184 silly addNameRange     '4.0.1' ] ]
185 silly addNamed nopt@3.0.6
186 verbose addNamed "3.0.6" is a plain semver version for nopt
187 silly cache afterAdd nopt@3.0.6
188 verbose afterAdd /Users/MHummel/.npm/nopt/3.0.6/package/package.json not in flight; writing
189 verbose correctMkdir /Users/MHummel/.npm correctMkdir not in flight; initializing
190 verbose afterAdd /Users/MHummel/.npm/nopt/3.0.6/package/package.json written
191 http 304 https://registry.npmjs.org/grunt-known-options
192 verbose headers { date: 'Thu, 14 Jun 2018 13:24:25 GMT',
192 verbose headers   connection: 'keep-alive',
192 verbose headers   'set-cookie': [ '__cfduid=d3af2d529dfbc72417ef523d3f69e9ae91528982665; expires=Fri, 14-Jun-19 13:24:25 GMT; path=/; domain=.registry.npmjs.org; HttpOnly' ],
192 verbose headers   'cache-control': 'max-age=300',
192 verbose headers   'cf-cache-status': 'HIT',
192 verbose headers   'cf-ray': '42ad1dfadc49958c-IAD',
192 verbose headers   etag: '"84136921d75aeacc9029f48e16defe2b"',
192 verbose headers   'expect-ct': 'max-age=604800, report-uri="https://report-uri.cloudflare.com/cdn-cgi/beacon/expect-ct"',
192 verbose headers   'last-modified': 'Sun, 27 May 2018 02:57:23 GMT',
192 verbose headers   vary: 'accept-encoding, accept',
192 verbose headers   server: 'cloudflare' }
193 silly get cb [ 304,
193 silly get   { date: 'Thu, 14 Jun 2018 13:24:25 GMT',
193 silly get     connection: 'keep-alive',
193 silly get     'set-cookie': [ '__cfduid=d3af2d529dfbc72417ef523d3f69e9ae91528982665; expires=Fri, 14-Jun-19 13:24:25 GMT; path=/; domain=.registry.npmjs.org; HttpOnly' ],
193 silly get     'cache-control': 'max-age=300',
193 silly get     'cf-cache-status': 'HIT',
193 silly get     'cf-ray': '42ad1dfadc49958c-IAD',
193 silly get     etag: '"84136921d75aeacc9029f48e16defe2b"',
193 silly get     'expect-ct': 'max-age=604800, report-uri="https://report-uri.cloudflare.com/cdn-cgi/beacon/expect-ct"',
193 silly get     'last-modified': 'Sun, 27 May 2018 02:57:23 GMT',
193 silly get     vary: 'accept-encoding, accept',
193 silly get     server: 'cloudflare' } ]
194 verbose etag https://registry.npmjs.org/grunt-known-options from cache
195 verbose get saving grunt-known-options to /Users/MHummel/.npm/registry.npmjs.org/grunt-known-options/.cache.json
196 verbose correctMkdir /Users/MHummel/.npm correctMkdir not in flight; initializing
197 silly resolveWithNewModule grunt-known-options@1.1.0 checking installable status
198 silly cache add args [ 'grunt-known-options@~1.1.0', null ]
199 verbose cache add spec grunt-known-options@~1.1.0
200 silly cache add parsed spec Result {
200 silly cache add   raw: 'grunt-known-options@~1.1.0',
200 silly cache add   scope: null,
200 silly cache add   escapedName: 'grunt-known-options',
200 silly cache add   name: 'grunt-known-options',
200 silly cache add   rawSpec: '~1.1.0',
200 silly cache add   spec: '>=1.1.0 <1.2.0',
200 silly cache add   type: 'range' }
201 silly addNamed grunt-known-options@>=1.1.0 <1.2.0
202 verbose addNamed ">=1.1.0 <1.2.0" is a valid semver range for grunt-known-options
203 silly addNameRange { name: 'grunt-known-options',
203 silly addNameRange   range: '>=1.1.0 <1.2.0',
203 silly addNameRange   hasData: false }
204 silly mapToRegistry name grunt-known-options
205 silly mapToRegistry using default registry
206 silly mapToRegistry registry https://registry.npmjs.org/
207 silly mapToRegistry data Result {
207 silly mapToRegistry   raw: 'grunt-known-options',
207 silly mapToRegistry   scope: null,
207 silly mapToRegistry   escapedName: 'grunt-known-options',
207 silly mapToRegistry   name: 'grunt-known-options',
207 silly mapToRegistry   rawSpec: '',
207 silly mapToRegistry   spec: 'latest',
207 silly mapToRegistry   type: 'tag' }
208 silly mapToRegistry uri https://registry.npmjs.org/grunt-known-options
209 verbose addNameRange registry:https://registry.npmjs.org/grunt-known-options not in flight; fetching
210 verbose get https://registry.npmjs.org/grunt-known-options not expired, no request
211 silly addNameRange number 2 { name: 'grunt-known-options',
211 silly addNameRange   range: '>=1.1.0 <1.2.0',
211 silly addNameRange   hasData: true }
212 silly addNameRange versions [ 'grunt-known-options', [ '1.0.0', '1.1.0' ] ]
213 silly addNamed grunt-known-options@1.1.0
214 verbose addNamed "1.1.0" is a plain semver version for grunt-known-options
215 silly cache afterAdd grunt-known-options@1.1.0
216 verbose afterAdd /Users/MHummel/.npm/grunt-known-options/1.1.0/package/package.json not in flight; writing
217 verbose correctMkdir /Users/MHummel/.npm correctMkdir not in flight; initializing
218 verbose afterAdd /Users/MHummel/.npm/grunt-known-options/1.1.0/package/package.json written
219 silly fetchNamedPackageData glob
220 silly mapToRegistry name glob
221 silly mapToRegistry using default registry
222 silly mapToRegistry registry https://registry.npmjs.org/
223 silly mapToRegistry data Result {
223 silly mapToRegistry   raw: 'glob',
223 silly mapToRegistry   scope: null,
223 silly mapToRegistry   escapedName: 'glob',
223 silly mapToRegistry   name: 'glob',
223 silly mapToRegistry   rawSpec: '',
223 silly mapToRegistry   spec: 'latest',
223 silly mapToRegistry   type: 'tag' }
224 silly mapToRegistry uri https://registry.npmjs.org/glob
225 verbose request uri https://registry.npmjs.org/glob
226 verbose request no auth needed
227 info attempt registry request try #1 at 9:24:25 AM
228 verbose etag W/"580c1092d5d71a5c0538143cbdfff62d"
229 verbose lastModified Sun, 27 May 2018 02:29:14 GMT
230 http request GET https://registry.npmjs.org/glob
231 http 304 https://registry.npmjs.org/glob
232 verbose headers { date: 'Thu, 14 Jun 2018 13:24:25 GMT',
232 verbose headers   connection: 'keep-alive',
232 verbose headers   'set-cookie': [ '__cfduid=db54607365dc1d62ca44871d8e48bb0cc1528982665; expires=Fri, 14-Jun-19 13:24:25 GMT; path=/; domain=.registry.npmjs.org; HttpOnly' ],
232 verbose headers   'cache-control': 'max-age=300',
232 verbose headers   'cf-cache-status': 'HIT',
232 verbose headers   'cf-ray': '42ad1dfc1e4c9fea-IAD',
232 verbose headers   etag: '"580c1092d5d71a5c0538143cbdfff62d"',
232 verbose headers   'expect-ct': 'max-age=604800, report-uri="https://report-uri.cloudflare.com/cdn-cgi/beacon/expect-ct"',
232 verbose headers   'last-modified': 'Sun, 27 May 2018 02:29:14 GMT',
232 verbose headers   vary: 'accept-encoding, accept',
232 verbose headers   server: 'cloudflare' }
233 silly get cb [ 304,
233 silly get   { date: 'Thu, 14 Jun 2018 13:24:25 GMT',
233 silly get     connection: 'keep-alive',
233 silly get     'set-cookie': [ '__cfduid=db54607365dc1d62ca44871d8e48bb0cc1528982665; expires=Fri, 14-Jun-19 13:24:25 GMT; path=/; domain=.registry.npmjs.org; HttpOnly' ],
233 silly get     'cache-control': 'max-age=300',
233 silly get     'cf-cache-status': 'HIT',
233 silly get     'cf-ray': '42ad1dfc1e4c9fea-IAD',
233 silly get     etag: '"580c1092d5d71a5c0538143cbdfff62d"',
233 silly get     'expect-ct': 'max-age=604800, report-uri="https://report-uri.cloudflare.com/cdn-cgi/beacon/expect-ct"',
233 silly get     'last-modified': 'Sun, 27 May 2018 02:29:14 GMT',
233 silly get     vary: 'accept-encoding, accept',
233 silly get     server: 'cloudflare' } ]
234 verbose etag https://registry.npmjs.org/glob from cache
235 verbose get saving glob to /Users/MHummel/.npm/registry.npmjs.org/glob/.cache.json
236 verbose correctMkdir /Users/MHummel/.npm correctMkdir not in flight; initializing
237 silly resolveWithNewModule glob@5.0.15 checking installable status
238 silly cache add args [ 'glob@~5.0.0', null ]
239 verbose cache add spec glob@~5.0.0
240 silly cache add parsed spec Result {
240 silly cache add   raw: 'glob@~5.0.0',
240 silly cache add   scope: null,
240 silly cache add   escapedName: 'glob',
240 silly cache add   name: 'glob',
240 silly cache add   rawSpec: '~5.0.0',
240 silly cache add   spec: '>=5.0.0 <5.1.0',
240 silly cache add   type: 'range' }
241 silly addNamed glob@>=5.0.0 <5.1.0
242 verbose addNamed ">=5.0.0 <5.1.0" is a valid semver range for glob
243 silly addNameRange { name: 'glob', range: '>=5.0.0 <5.1.0', hasData: false }
244 silly mapToRegistry name glob
245 silly mapToRegistry using default registry
246 silly mapToRegistry registry https://registry.npmjs.org/
247 silly mapToRegistry data Result {
247 silly mapToRegistry   raw: 'glob',
247 silly mapToRegistry   scope: null,
247 silly mapToRegistry   escapedName: 'glob',
247 silly mapToRegistry   name: 'glob',
247 silly mapToRegistry   rawSpec: '',
247 silly mapToRegistry   spec: 'latest',
247 silly mapToRegistry   type: 'tag' }
248 silly mapToRegistry uri https://registry.npmjs.org/glob
249 verbose addNameRange registry:https://registry.npmjs.org/glob not in flight; fetching
250 verbose get https://registry.npmjs.org/glob not expired, no request
251 silly addNameRange number 2 { name: 'glob', range: '>=5.0.0 <5.1.0', hasData: true }
252 silly addNameRange versions [ 'glob',
252 silly addNameRange   [ '1.1.0',
252 silly addNameRange     '2.0.9',
252 silly addNameRange     '2.0.8',
252 silly addNameRange     '2.0.7',
252 silly addNameRange     '2.1.0',
252 silly addNameRange     '3.0.0',
252 silly addNameRange     '3.0.1',
252 silly addNameRange     '3.1.0',
252 silly addNameRange     '3.1.1',
252 silly addNameRange     '3.1.2',
252 silly addNameRange     '3.1.3',
252 silly addNameRange     '3.1.4',
252 silly addNameRange     '3.1.5',
252 silly addNameRange     '3.1.6',
252 silly addNameRange     '3.1.7',
252 silly addNameRange     '3.1.9',
252 silly addNameRange     '3.1.10',
252 silly addNameRange     '3.1.11',
252 silly addNameRange     '3.1.12',
252 silly addNameRange     '3.1.13',
252 silly addNameRange     '3.1.14',
252 silly addNameRange     '3.1.15',
252 silly addNameRange     '3.1.16',
252 silly addNameRange     '3.1.17',
252 silly addNameRange     '3.1.18',
252 silly addNameRange     '3.1.19',
252 silly addNameRange     '3.1.20',
252 silly addNameRange     '3.1.21',
252 silly addNameRange     '3.2.0',
252 silly addNameRange     '3.2.1',
252 silly addNameRange     '3.2.3',
252 silly addNameRange     '3.2.4',
252 silly addNameRange     '3.2.5',
252 silly addNameRange     '3.2.6',
252 silly addNameRange     '3.2.7',
252 silly addNameRange     '3.2.8',
252 silly addNameRange     '3.2.9',
252 silly addNameRange     '3.2.10',
252 silly addNameRange     '3.2.11',
252 silly addNameRange     '4.0.0',
252 silly addNameRange     '4.0.1',
252 silly addNameRange     '4.0.2',
252 silly addNameRange     '4.0.3',
252 silly addNameRange     '4.0.4',
252 silly addNameRange     '4.0.5',
252 silly addNameRange     '4.0.6',
252 silly addNameRange     '4.1.2-beta',
252 silly addNameRange     '4.1.2',
252 silly addNameRange     '4.1.3',
252 silly addNameRange     '4.1.4',
252 silly addNameRange     '4.1.5',
252 silly addNameRange     '4.1.6',
252 silly addNameRange     '4.2.0',
252 silly addNameRange     '4.2.1',
252 silly addNameRange     '4.2.2',
252 silly addNameRange     '4.3.0',
252 silly addNameRange     '4.3.1',
252 silly addNameRange     '4.3.2',
252 silly addNameRange     '4.3.3',
252 silly addNameRange     '4.3.4',
252 silly addNameRange     '4.3.5',
252 silly addNameRange     '4.4.0',
252 silly addNameRange     '4.4.2',
252 silly addNameRange     '4.5.0',
252 silly addNameRange     '5.0.0',
252 silly addNameRange     '4.5.1',
252 silly addNameRange     '5.0.1',
252 silly addNameRange     '4.5.2',
252 silly addNameRange     '5.0.2',
252 silly addNameRange     '4.5.3',
252 silly addNameRange     '5.0.3',
252 silly addNameRange     '5.0.4',
252 silly addNameRange     '5.0.5',
252 silly addNameRange     '5.0.6',
252 silly addNameRange     '5.0.7',
252 silly addNameRange     '5.0.9',
252 silly addNameRange     '5.0.10',
252 silly addNameRange     '5.0.11',
252 silly addNameRange     '5.0.12',
252 silly addNameRange     '5.0.13',
252 silly addNameRange     '5.0.14',
252 silly addNameRange     '5.0.15',
252 silly addNameRange     '6.0.1',
252 silly addNameRange     '6.0.2',
252 silly addNameRange     '6.0.3',
252 silly addNameRange     '6.0.4',
252 silly addNameRange     '7.0.0',
252 silly addNameRange     '7.0.1',
252 silly addNameRange     '7.0.3',
252 silly addNameRange     '7.0.4',
252 silly addNameRange     '7.0.5',
252 silly addNameRange     '7.0.6',
252 silly addNameRange     '7.1.0',
252 silly addNameRange     '7.1.1',
252 silly addNameRange     '7.1.2' ] ]
253 silly addNamed glob@5.0.15
254 verbose addNamed "5.0.15" is a plain semver version for glob
255 silly cache afterAdd glob@5.0.15
256 verbose afterAdd /Users/MHummel/.npm/glob/5.0.15/package/package.json not in flight; writing
257 verbose correctMkdir /Users/MHummel/.npm correctMkdir not in flight; initializing
258 verbose afterAdd /Users/MHummel/.npm/glob/5.0.15/package/package.json written
259 silly fetchNamedPackageData inflight
260 silly mapToRegistry name inflight
261 silly mapToRegistry using default registry
262 silly mapToRegistry registry https://registry.npmjs.org/
263 silly mapToRegistry data Result {
263 silly mapToRegistry   raw: 'inflight',
263 silly mapToRegistry   scope: null,
263 silly mapToRegistry   escapedName: 'inflight',
263 silly mapToRegistry   name: 'inflight',
263 silly mapToRegistry   rawSpec: '',
263 silly mapToRegistry   spec: 'latest',
263 silly mapToRegistry   type: 'tag' }
264 silly mapToRegistry uri https://registry.npmjs.org/inflight
265 silly fetchNamedPackageData inherits
266 silly mapToRegistry name inherits
267 silly mapToRegistry using default registry
268 silly mapToRegistry registry https://registry.npmjs.org/
269 silly mapToRegistry data Result {
269 silly mapToRegistry   raw: 'inherits',
269 silly mapToRegistry   scope: null,
269 silly mapToRegistry   escapedName: 'inherits',
269 silly mapToRegistry   name: 'inherits',
269 silly mapToRegistry   rawSpec: '',
269 silly mapToRegistry   spec: 'latest',
269 silly mapToRegistry   type: 'tag' }
270 silly mapToRegistry uri https://registry.npmjs.org/inherits
271 silly fetchNamedPackageData minimatch
272 silly mapToRegistry name minimatch
273 silly mapToRegistry using default registry
274 silly mapToRegistry registry https://registry.npmjs.org/
275 silly mapToRegistry data Result {
275 silly mapToRegistry   raw: 'minimatch',
275 silly mapToRegistry   scope: null,
275 silly mapToRegistry   escapedName: 'minimatch',
275 silly mapToRegistry   name: 'minimatch',
275 silly mapToRegistry   rawSpec: '',
275 silly mapToRegistry   spec: 'latest',
275 silly mapToRegistry   type: 'tag' }
276 silly mapToRegistry uri https://registry.npmjs.org/minimatch
277 silly fetchNamedPackageData once
278 silly mapToRegistry name once
279 silly mapToRegistry using default registry
280 silly mapToRegistry registry https://registry.npmjs.org/
281 silly mapToRegistry data Result {
281 silly mapToRegistry   raw: 'once',
281 silly mapToRegistry   scope: null,
281 silly mapToRegistry   escapedName: 'once',
281 silly mapToRegistry   name: 'once',
281 silly mapToRegistry   rawSpec: '',
281 silly mapToRegistry   spec: 'latest',
281 silly mapToRegistry   type: 'tag' }
282 silly mapToRegistry uri https://registry.npmjs.org/once
283 silly fetchNamedPackageData path-is-absolute
284 silly mapToRegistry name path-is-absolute
285 silly mapToRegistry using default registry
286 silly mapToRegistry registry https://registry.npmjs.org/
287 silly mapToRegistry data Result {
287 silly mapToRegistry   raw: 'path-is-absolute',
287 silly mapToRegistry   scope: null,
287 silly mapToRegistry   escapedName: 'path-is-absolute',
287 silly mapToRegistry   name: 'path-is-absolute',
287 silly mapToRegistry   rawSpec: '',
287 silly mapToRegistry   spec: 'latest',
287 silly mapToRegistry   type: 'tag' }
288 silly mapToRegistry uri https://registry.npmjs.org/path-is-absolute
289 verbose request uri https://registry.npmjs.org/minimatch
290 verbose request no auth needed
291 info attempt registry request try #1 at 9:24:25 AM
292 verbose etag W/"6e7e7da96df71be2863b8b8d1fcb5152"
293 verbose lastModified Sun, 27 May 2018 08:07:30 GMT
294 http request GET https://registry.npmjs.org/minimatch
295 verbose request uri https://registry.npmjs.org/inflight
296 verbose request no auth needed
297 info attempt registry request try #1 at 9:24:25 AM
298 verbose etag "59e14329-25b8"
299 verbose lastModified Fri, 13 Oct 2017 22:50:17 GMT
300 http request GET https://registry.npmjs.org/inflight
301 verbose request uri https://registry.npmjs.org/inherits
302 verbose request no auth needed
303 info attempt registry request try #1 at 9:24:25 AM
304 verbose etag "5a61af45-2264"
305 verbose lastModified Fri, 19 Jan 2018 8:41:41 GMT
306 http request GET https://registry.npmjs.org/inherits
307 verbose request uri https://registry.npmjs.org/once
308 verbose request no auth needed
309 info attempt registry request try #1 at 9:24:25 AM
310 verbose etag "5a6422fa-2608"
311 verbose lastModified Sun, 21 Jan 2018 5:19:54 GMT
312 http request GET https://registry.npmjs.org/once
313 verbose request uri https://registry.npmjs.org/path-is-absolute
314 verbose request no auth needed
315 info attempt registry request try #1 at 9:24:25 AM
316 verbose etag "58e77292-133a"
317 verbose lastModified Fri, 7 Apr 2017 11:05:54 GMT
318 http request GET https://registry.npmjs.org/path-is-absolute
319 http 304 https://registry.npmjs.org/minimatch
320 verbose headers { date: 'Thu, 14 Jun 2018 13:24:25 GMT',
320 verbose headers   connection: 'keep-alive',
320 verbose headers   'set-cookie': [ '__cfduid=d61264769f2f1ed8bbb9a60c41521ccb81528982665; expires=Fri, 14-Jun-19 13:24:25 GMT; path=/; domain=.registry.npmjs.org; HttpOnly' ],
320 verbose headers   'cache-control': 'max-age=300',
320 verbose headers   'cf-cache-status': 'HIT',
320 verbose headers   'cf-ray': '42ad1dfc6aab9fd2-IAD',
320 verbose headers   etag: '"6e7e7da96df71be2863b8b8d1fcb5152"',
320 verbose headers   'expect-ct': 'max-age=604800, report-uri="https://report-uri.cloudflare.com/cdn-cgi/beacon/expect-ct"',
320 verbose headers   'last-modified': 'Sun, 27 May 2018 08:07:30 GMT',
320 verbose headers   vary: 'accept-encoding, accept',
320 verbose headers   server: 'cloudflare' }
321 silly get cb [ 304,
321 silly get   { date: 'Thu, 14 Jun 2018 13:24:25 GMT',
321 silly get     connection: 'keep-alive',
321 silly get     'set-cookie': [ '__cfduid=d61264769f2f1ed8bbb9a60c41521ccb81528982665; expires=Fri, 14-Jun-19 13:24:25 GMT; path=/; domain=.registry.npmjs.org; HttpOnly' ],
321 silly get     'cache-control': 'max-age=300',
321 silly get     'cf-cache-status': 'HIT',
321 silly get     'cf-ray': '42ad1dfc6aab9fd2-IAD',
321 silly get     etag: '"6e7e7da96df71be2863b8b8d1fcb5152"',
321 silly get     'expect-ct': 'max-age=604800, report-uri="https://report-uri.cloudflare.com/cdn-cgi/beacon/expect-ct"',
321 silly get     'last-modified': 'Sun, 27 May 2018 08:07:30 GMT',
321 silly get     vary: 'accept-encoding, accept',
321 silly get     server: 'cloudflare' } ]
322 verbose etag https://registry.npmjs.org/minimatch from cache
323 verbose get saving minimatch to /Users/MHummel/.npm/registry.npmjs.org/minimatch/.cache.json
324 verbose correctMkdir /Users/MHummel/.npm correctMkdir not in flight; initializing
325 http 200 https://registry.npmjs.org/inflight
326 verbose headers { date: 'Thu, 14 Jun 2018 13:24:25 GMT',
326 verbose headers   'content-type': 'application/json; charset=UTF-8',
326 verbose headers   'transfer-encoding': 'chunked',
326 verbose headers   connection: 'keep-alive',
326 verbose headers   'set-cookie': [ '__cfduid=d280d2f7e4167f918d3c67f707dfc21ab1528982665; expires=Fri, 14-Jun-19 13:24:25 GMT; path=/; domain=.registry.npmjs.org; HttpOnly' ],
326 verbose headers   'cache-control': 'max-age=300',
326 verbose headers   'cf-cache-status': 'HIT',
326 verbose headers   'cf-ray': '42ad1dfc6e1d9f48-IAD',
326 verbose headers   etag: 'W/"ee7822cd1180fc0dc8acae0ecd7775d7"',
326 verbose headers   'expect-ct': 'max-age=604800, report-uri="https://report-uri.cloudflare.com/cdn-cgi/beacon/expect-ct"',
326 verbose headers   'last-modified': 'Sun, 27 May 2018 04:39:13 GMT',
326 verbose headers   vary: 'accept-encoding, accept',
326 verbose headers   server: 'cloudflare',
326 verbose headers   'content-encoding': 'gzip' }
327 silly get cb [ 200,
327 silly get   { date: 'Thu, 14 Jun 2018 13:24:25 GMT',
327 silly get     'content-type': 'application/json; charset=UTF-8',
327 silly get     'transfer-encoding': 'chunked',
327 silly get     connection: 'keep-alive',
327 silly get     'set-cookie': [ '__cfduid=d280d2f7e4167f918d3c67f707dfc21ab1528982665; expires=Fri, 14-Jun-19 13:24:25 GMT; path=/; domain=.registry.npmjs.org; HttpOnly' ],
327 silly get     'cache-control': 'max-age=300',
327 silly get     'cf-cache-status': 'HIT',
327 silly get     'cf-ray': '42ad1dfc6e1d9f48-IAD',
327 silly get     etag: 'W/"ee7822cd1180fc0dc8acae0ecd7775d7"',
327 silly get     'expect-ct': 'max-age=604800, report-uri="https://report-uri.cloudflare.com/cdn-cgi/beacon/expect-ct"',
327 silly get     'last-modified': 'Sun, 27 May 2018 04:39:13 GMT',
327 silly get     vary: 'accept-encoding, accept',
327 silly get     server: 'cloudflare',
327 silly get     'content-encoding': 'gzip' } ]
328 verbose get saving inflight to /Users/MHummel/.npm/registry.npmjs.org/inflight/.cache.json
329 verbose correctMkdir /Users/MHummel/.npm correctMkdir not in flight; initializing
330 silly resolveWithNewModule minimatch@3.0.4 checking installable status
331 silly cache add args [ 'minimatch@2 || 3', null ]
332 verbose cache add spec minimatch@2 || 3
333 silly cache add parsed spec Result {
333 silly cache add   raw: 'minimatch@2 || 3',
333 silly cache add   scope: null,
333 silly cache add   escapedName: 'minimatch',
333 silly cache add   name: 'minimatch',
333 silly cache add   rawSpec: '2 || 3',
333 silly cache add   spec: '>=2.0.0 <3.0.0||>=3.0.0 <4.0.0',
333 silly cache add   type: 'range' }
334 silly addNamed minimatch@>=2.0.0 <3.0.0||>=3.0.0 <4.0.0
335 verbose addNamed ">=2.0.0 <3.0.0||>=3.0.0 <4.0.0" is a valid semver range for minimatch
336 silly addNameRange { name: 'minimatch',
336 silly addNameRange   range: '>=2.0.0 <3.0.0||>=3.0.0 <4.0.0',
336 silly addNameRange   hasData: false }
337 silly mapToRegistry name minimatch
338 silly mapToRegistry using default registry
339 silly mapToRegistry registry https://registry.npmjs.org/
340 silly mapToRegistry data Result {
340 silly mapToRegistry   raw: 'minimatch',
340 silly mapToRegistry   scope: null,
340 silly mapToRegistry   escapedName: 'minimatch',
340 silly mapToRegistry   name: 'minimatch',
340 silly mapToRegistry   rawSpec: '',
340 silly mapToRegistry   spec: 'latest',
340 silly mapToRegistry   type: 'tag' }
341 silly mapToRegistry uri https://registry.npmjs.org/minimatch
342 verbose addNameRange registry:https://registry.npmjs.org/minimatch not in flight; fetching
343 silly resolveWithNewModule inflight@1.0.6 checking installable status
344 silly cache add args [ 'inflight@^1.0.4', null ]
345 verbose cache add spec inflight@^1.0.4
346 silly cache add parsed spec Result {
346 silly cache add   raw: 'inflight@^1.0.4',
346 silly cache add   scope: null,
346 silly cache add   escapedName: 'inflight',
346 silly cache add   name: 'inflight',
346 silly cache add   rawSpec: '^1.0.4',
346 silly cache add   spec: '>=1.0.4 <2.0.0',
346 silly cache add   type: 'range' }
347 silly addNamed inflight@>=1.0.4 <2.0.0
348 verbose addNamed ">=1.0.4 <2.0.0" is a valid semver range for inflight
349 silly addNameRange { name: 'inflight', range: '>=1.0.4 <2.0.0', hasData: false }
350 silly mapToRegistry name inflight
351 silly mapToRegistry using default registry
352 silly mapToRegistry registry https://registry.npmjs.org/
353 silly mapToRegistry data Result {
353 silly mapToRegistry   raw: 'inflight',
353 silly mapToRegistry   scope: null,
353 silly mapToRegistry   escapedName: 'inflight',
353 silly mapToRegistry   name: 'inflight',
353 silly mapToRegistry   rawSpec: '',
353 silly mapToRegistry   spec: 'latest',
353 silly mapToRegistry   type: 'tag' }
354 silly mapToRegistry uri https://registry.npmjs.org/inflight
355 verbose addNameRange registry:https://registry.npmjs.org/inflight not in flight; fetching
356 http 200 https://registry.npmjs.org/once
357 verbose headers { date: 'Thu, 14 Jun 2018 13:24:25 GMT',
357 verbose headers   'content-type': 'application/json; charset=UTF-8',
357 verbose headers   'transfer-encoding': 'chunked',
357 verbose headers   connection: 'keep-alive',
357 verbose headers   'set-cookie': [ '__cfduid=db54607365dc1d62ca44871d8e48bb0cc1528982665; expires=Fri, 14-Jun-19 13:24:25 GMT; path=/; domain=.registry.npmjs.org; HttpOnly' ],
357 verbose headers   'cache-control': 'max-age=300',
357 verbose headers   'cf-cache-status': 'HIT',
357 verbose headers   'cf-ray': '42ad1dfc6eb89fea-IAD',
357 verbose headers   etag: 'W/"edc9f495d2deed74e80dc05995dc33c2"',
357 verbose headers   'expect-ct': 'max-age=604800, report-uri="https://report-uri.cloudflare.com/cdn-cgi/beacon/expect-ct"',
357 verbose headers   'last-modified': 'Sun, 27 May 2018 11:11:26 GMT',
357 verbose headers   vary: 'accept-encoding, accept',
357 verbose headers   server: 'cloudflare',
357 verbose headers   'content-encoding': 'gzip' }
358 silly get cb [ 200,
358 silly get   { date: 'Thu, 14 Jun 2018 13:24:25 GMT',
358 silly get     'content-type': 'application/json; charset=UTF-8',
358 silly get     'transfer-encoding': 'chunked',
358 silly get     connection: 'keep-alive',
358 silly get     'set-cookie': [ '__cfduid=db54607365dc1d62ca44871d8e48bb0cc1528982665; expires=Fri, 14-Jun-19 13:24:25 GMT; path=/; domain=.registry.npmjs.org; HttpOnly' ],
358 silly get     'cache-control': 'max-age=300',
358 silly get     'cf-cache-status': 'HIT',
358 silly get     'cf-ray': '42ad1dfc6eb89fea-IAD',
358 silly get     etag: 'W/"edc9f495d2deed74e80dc05995dc33c2"',
358 silly get     'expect-ct': 'max-age=604800, report-uri="https://report-uri.cloudflare.com/cdn-cgi/beacon/expect-ct"',
358 silly get     'last-modified': 'Sun, 27 May 2018 11:11:26 GMT',
358 silly get     vary: 'accept-encoding, accept',
358 silly get     server: 'cloudflare',
358 silly get     'content-encoding': 'gzip' } ]
359 verbose get saving once to /Users/MHummel/.npm/registry.npmjs.org/once/.cache.json
360 verbose correctMkdir /Users/MHummel/.npm correctMkdir not in flight; initializing
361 http 200 https://registry.npmjs.org/inherits
362 verbose headers { date: 'Thu, 14 Jun 2018 13:24:25 GMT',
362 verbose headers   'content-type': 'application/json; charset=UTF-8',
362 verbose headers   'transfer-encoding': 'chunked',
362 verbose headers   connection: 'keep-alive',
362 verbose headers   'set-cookie': [ '__cfduid=d3af2d529dfbc72417ef523d3f69e9ae91528982665; expires=Fri, 14-Jun-19 13:24:25 GMT; path=/; domain=.registry.npmjs.org; HttpOnly' ],
362 verbose headers   'cache-control': 'max-age=300',
362 verbose headers   'cf-cache-status': 'HIT',
362 verbose headers   'cf-ray': '42ad1dfc6dfa958c-IAD',
362 verbose headers   etag: 'W/"c06d899100ab2130d10ac1fa01995f80"',
362 verbose headers   'expect-ct': 'max-age=604800, report-uri="https://report-uri.cloudflare.com/cdn-cgi/beacon/expect-ct"',
362 verbose headers   'last-modified': 'Sat, 26 May 2018 12:33:29 GMT',
362 verbose headers   vary: 'accept-encoding, accept',
362 verbose headers   server: 'cloudflare',
362 verbose headers   'content-encoding': 'gzip' }
363 silly get cb [ 200,
363 silly get   { date: 'Thu, 14 Jun 2018 13:24:25 GMT',
363 silly get     'content-type': 'application/json; charset=UTF-8',
363 silly get     'transfer-encoding': 'chunked',
363 silly get     connection: 'keep-alive',
363 silly get     'set-cookie': [ '__cfduid=d3af2d529dfbc72417ef523d3f69e9ae91528982665; expires=Fri, 14-Jun-19 13:24:25 GMT; path=/; domain=.registry.npmjs.org; HttpOnly' ],
363 silly get     'cache-control': 'max-age=300',
363 silly get     'cf-cache-status': 'HIT',
363 silly get     'cf-ray': '42ad1dfc6dfa958c-IAD',
363 silly get     etag: 'W/"c06d899100ab2130d10ac1fa01995f80"',
363 silly get     'expect-ct': 'max-age=604800, report-uri="https://report-uri.cloudflare.com/cdn-cgi/beacon/expect-ct"',
363 silly get     'last-modified': 'Sat, 26 May 2018 12:33:29 GMT',
363 silly get     vary: 'accept-encoding, accept',
363 silly get     server: 'cloudflare',
363 silly get     'content-encoding': 'gzip' } ]
364 verbose get saving inherits to /Users/MHummel/.npm/registry.npmjs.org/inherits/.cache.json
365 verbose correctMkdir /Users/MHummel/.npm correctMkdir not in flight; initializing
366 verbose get https://registry.npmjs.org/minimatch not expired, no request
367 silly addNameRange number 2 { name: 'minimatch',
367 silly addNameRange   range: '>=2.0.0 <3.0.0||>=3.0.0 <4.0.0',
367 silly addNameRange   hasData: true }
368 silly addNameRange versions [ 'minimatch',
368 silly addNameRange   [ '0.0.1',
368 silly addNameRange     '0.0.2',
368 silly addNameRange     '0.0.4',
368 silly addNameRange     '0.0.5',
368 silly addNameRange     '0.1.1',
368 silly addNameRange     '0.1.2',
368 silly addNameRange     '0.1.3',
368 silly addNameRange     '0.1.4',
368 silly addNameRange     '0.1.5',
368 silly addNameRange     '0.2.0',
368 silly addNameRange     '0.2.2',
368 silly addNameRange     '0.2.3',
368 silly addNameRange     '0.2.4',
368 silly addNameRange     '0.2.5',
368 silly addNameRange     '0.2.6',
368 silly addNameRange     '0.2.7',
368 silly addNameRange     '0.2.8',
368 silly addNameRange     '0.2.9',
368 silly addNameRange     '0.2.10',
368 silly addNameRange     '0.2.11',
368 silly addNameRange     '0.2.12',
368 silly addNameRange     '0.2.13',
368 silly addNameRange     '0.2.14',
368 silly addNameRange     '0.3.0',
368 silly addNameRange     '0.4.0',
368 silly addNameRange     '1.0.0',
368 silly addNameRange     '2.0.0',
368 silly addNameRange     '2.0.1',
368 silly addNameRange     '2.0.2',
368 silly addNameRange     '2.0.3',
368 silly addNameRange     '2.0.4',
368 silly addNameRange     '2.0.5',
368 silly addNameRange     '2.0.6',
368 silly addNameRange     '2.0.7',
368 silly addNameRange     '2.0.8',
368 silly addNameRange     '2.0.9',
368 silly addNameRange     '2.0.10',
368 silly addNameRange     '3.0.0',
368 silly addNameRange     '3.0.2',
368 silly addNameRange     '3.0.3',
368 silly addNameRange     '3.0.4' ] ]
369 silly addNamed minimatch@3.0.4
370 verbose addNamed "3.0.4" is a plain semver version for minimatch
371 verbose get https://registry.npmjs.org/inflight not expired, no request
372 silly addNameRange number 2 { name: 'inflight', range: '>=1.0.4 <2.0.0', hasData: true }
373 silly addNameRange versions [ 'inflight',
373 silly addNameRange   [ '1.0.0', '1.0.1', '1.0.2', '1.0.3', '1.0.4', '1.0.5', '1.0.6' ] ]
374 silly addNamed inflight@1.0.6
375 verbose addNamed "1.0.6" is a plain semver version for inflight
376 silly cache afterAdd minimatch@3.0.4
377 verbose afterAdd /Users/MHummel/.npm/minimatch/3.0.4/package/package.json not in flight; writing
378 verbose correctMkdir /Users/MHummel/.npm correctMkdir not in flight; initializing
379 silly cache afterAdd inflight@1.0.6
380 verbose afterAdd /Users/MHummel/.npm/inflight/1.0.6/package/package.json not in flight; writing
381 verbose correctMkdir /Users/MHummel/.npm correctMkdir not in flight; initializing
382 silly resolveWithNewModule inherits@2.0.3 checking installable status
383 silly cache add args [ 'inherits@2', null ]
384 verbose cache add spec inherits@2
385 silly cache add parsed spec Result {
385 silly cache add   raw: 'inherits@2',
385 silly cache add   scope: null,
385 silly cache add   escapedName: 'inherits',
385 silly cache add   name: 'inherits',
385 silly cache add   rawSpec: '2',
385 silly cache add   spec: '>=2.0.0 <3.0.0',
385 silly cache add   type: 'range' }
386 silly addNamed inherits@>=2.0.0 <3.0.0
387 verbose addNamed ">=2.0.0 <3.0.0" is a valid semver range for inherits
388 silly addNameRange { name: 'inherits', range: '>=2.0.0 <3.0.0', hasData: false }
389 silly mapToRegistry name inherits
390 silly mapToRegistry using default registry
391 silly mapToRegistry registry https://registry.npmjs.org/
392 silly mapToRegistry data Result {
392 silly mapToRegistry   raw: 'inherits',
392 silly mapToRegistry   scope: null,
392 silly mapToRegistry   escapedName: 'inherits',
392 silly mapToRegistry   name: 'inherits',
392 silly mapToRegistry   rawSpec: '',
392 silly mapToRegistry   spec: 'latest',
392 silly mapToRegistry   type: 'tag' }
393 silly mapToRegistry uri https://registry.npmjs.org/inherits
394 verbose addNameRange registry:https://registry.npmjs.org/inherits not in flight; fetching
395 silly resolveWithNewModule once@1.4.0 checking installable status
396 silly cache add args [ 'once@^1.3.0', null ]
397 verbose cache add spec once@^1.3.0
398 silly cache add parsed spec Result {
398 silly cache add   raw: 'once@^1.3.0',
398 silly cache add   scope: null,
398 silly cache add   escapedName: 'once',
398 silly cache add   name: 'once',
398 silly cache add   rawSpec: '^1.3.0',
398 silly cache add   spec: '>=1.3.0 <2.0.0',
398 silly cache add   type: 'range' }
399 silly addNamed once@>=1.3.0 <2.0.0
400 verbose addNamed ">=1.3.0 <2.0.0" is a valid semver range for once
401 silly addNameRange { name: 'once', range: '>=1.3.0 <2.0.0', hasData: false }
402 silly mapToRegistry name once
403 silly mapToRegistry using default registry
404 silly mapToRegistry registry https://registry.npmjs.org/
405 silly mapToRegistry data Result {
405 silly mapToRegistry   raw: 'once',
405 silly mapToRegistry   scope: null,
405 silly mapToRegistry   escapedName: 'once',
405 silly mapToRegistry   name: 'once',
405 silly mapToRegistry   rawSpec: '',
405 silly mapToRegistry   spec: 'latest',
405 silly mapToRegistry   type: 'tag' }
406 silly mapToRegistry uri https://registry.npmjs.org/once
407 verbose addNameRange registry:https://registry.npmjs.org/once not in flight; fetching
408 verbose get https://registry.npmjs.org/inherits not expired, no request
409 silly addNameRange number 2 { name: 'inherits', range: '>=2.0.0 <3.0.0', hasData: true }
410 silly addNameRange versions [ 'inherits',
410 silly addNameRange   [ '1.0.0', '2.0.0', '2.0.1', '1.0.1', '1.0.2', '2.0.3' ] ]
411 silly addNamed inherits@2.0.3
412 verbose addNamed "2.0.3" is a plain semver version for inherits
413 verbose get https://registry.npmjs.org/once not expired, no request
414 silly addNameRange number 2 { name: 'once', range: '>=1.3.0 <2.0.0', hasData: true }
415 silly addNameRange versions [ 'once',
415 silly addNameRange   [ '1.1.1', '1.2.0', '1.3.0', '1.3.1', '1.3.2', '1.3.3', '1.4.0' ] ]
416 silly addNamed once@1.4.0
417 verbose addNamed "1.4.0" is a plain semver version for once
418 verbose afterAdd /Users/MHummel/.npm/minimatch/3.0.4/package/package.json written
419 verbose afterAdd /Users/MHummel/.npm/inflight/1.0.6/package/package.json written
420 silly cache afterAdd once@1.4.0
421 verbose afterAdd /Users/MHummel/.npm/once/1.4.0/package/package.json not in flight; writing
422 verbose correctMkdir /Users/MHummel/.npm correctMkdir not in flight; initializing
423 silly cache afterAdd inherits@2.0.3
424 verbose afterAdd /Users/MHummel/.npm/inherits/2.0.3/package/package.json not in flight; writing
425 verbose correctMkdir /Users/MHummel/.npm correctMkdir not in flight; initializing
426 verbose afterAdd /Users/MHummel/.npm/once/1.4.0/package/package.json written
427 verbose afterAdd /Users/MHummel/.npm/inherits/2.0.3/package/package.json written
428 http 200 https://registry.npmjs.org/path-is-absolute
429 verbose headers { date: 'Thu, 14 Jun 2018 13:24:25 GMT',
429 verbose headers   'content-type': 'application/json; charset=UTF-8',
429 verbose headers   'transfer-encoding': 'chunked',
429 verbose headers   connection: 'keep-alive',
429 verbose headers   'set-cookie': [ '__cfduid=d3af2d529dfbc72417ef523d3f69e9ae91528982665; expires=Fri, 14-Jun-19 13:24:25 GMT; path=/; domain=.registry.npmjs.org; HttpOnly' ],
429 verbose headers   'cache-control': 'max-age=300',
429 verbose headers   'cf-cache-status': 'HIT',
429 verbose headers   'cf-ray': '42ad1dfcae30958c-IAD',
429 verbose headers   etag: 'W/"889529f8e6c9554a428813bfe5323180"',
429 verbose headers   'expect-ct': 'max-age=604800, report-uri="https://report-uri.cloudflare.com/cdn-cgi/beacon/expect-ct"',
429 verbose headers   'last-modified': 'Sun, 27 May 2018 11:56:47 GMT',
429 verbose headers   vary: 'accept-encoding, accept',
429 verbose headers   server: 'cloudflare',
429 verbose headers   'content-encoding': 'gzip' }
430 silly get cb [ 200,
430 silly get   { date: 'Thu, 14 Jun 2018 13:24:25 GMT',
430 silly get     'content-type': 'application/json; charset=UTF-8',
430 silly get     'transfer-encoding': 'chunked',
430 silly get     connection: 'keep-alive',
430 silly get     'set-cookie': [ '__cfduid=d3af2d529dfbc72417ef523d3f69e9ae91528982665; expires=Fri, 14-Jun-19 13:24:25 GMT; path=/; domain=.registry.npmjs.org; HttpOnly' ],
430 silly get     'cache-control': 'max-age=300',
430 silly get     'cf-cache-status': 'HIT',
430 silly get     'cf-ray': '42ad1dfcae30958c-IAD',
430 silly get     etag: 'W/"889529f8e6c9554a428813bfe5323180"',
430 silly get     'expect-ct': 'max-age=604800, report-uri="https://report-uri.cloudflare.com/cdn-cgi/beacon/expect-ct"',
430 silly get     'last-modified': 'Sun, 27 May 2018 11:56:47 GMT',
430 silly get     vary: 'accept-encoding, accept',
430 silly get     server: 'cloudflare',
430 silly get     'content-encoding': 'gzip' } ]
431 verbose get saving path-is-absolute to /Users/MHummel/.npm/registry.npmjs.org/path-is-absolute/.cache.json
432 verbose correctMkdir /Users/MHummel/.npm correctMkdir not in flight; initializing
433 silly resolveWithNewModule path-is-absolute@1.0.1 checking installable status
434 silly cache add args [ 'path-is-absolute@^1.0.0', null ]
435 verbose cache add spec path-is-absolute@^1.0.0
436 silly cache add parsed spec Result {
436 silly cache add   raw: 'path-is-absolute@^1.0.0',
436 silly cache add   scope: null,
436 silly cache add   escapedName: 'path-is-absolute',
436 silly cache add   name: 'path-is-absolute',
436 silly cache add   rawSpec: '^1.0.0',
436 silly cache add   spec: '>=1.0.0 <2.0.0',
436 silly cache add   type: 'range' }
437 silly addNamed path-is-absolute@>=1.0.0 <2.0.0
438 verbose addNamed ">=1.0.0 <2.0.0" is a valid semver range for path-is-absolute
439 silly addNameRange { name: 'path-is-absolute',
439 silly addNameRange   range: '>=1.0.0 <2.0.0',
439 silly addNameRange   hasData: false }
440 silly mapToRegistry name path-is-absolute
441 silly mapToRegistry using default registry
442 silly mapToRegistry registry https://registry.npmjs.org/
443 silly mapToRegistry data Result {
443 silly mapToRegistry   raw: 'path-is-absolute',
443 silly mapToRegistry   scope: null,
443 silly mapToRegistry   escapedName: 'path-is-absolute',
443 silly mapToRegistry   name: 'path-is-absolute',
443 silly mapToRegistry   rawSpec: '',
443 silly mapToRegistry   spec: 'latest',
443 silly mapToRegistry   type: 'tag' }
444 silly mapToRegistry uri https://registry.npmjs.org/path-is-absolute
445 verbose addNameRange registry:https://registry.npmjs.org/path-is-absolute not in flight; fetching
446 verbose get https://registry.npmjs.org/path-is-absolute not expired, no request
447 silly addNameRange number 2 { name: 'path-is-absolute',
447 silly addNameRange   range: '>=1.0.0 <2.0.0',
447 silly addNameRange   hasData: true }
448 silly addNameRange versions [ 'path-is-absolute', [ '1.0.0', '1.0.1' ] ]
449 silly addNamed path-is-absolute@1.0.1
450 verbose addNamed "1.0.1" is a plain semver version for path-is-absolute
451 silly cache afterAdd path-is-absolute@1.0.1
452 verbose afterAdd /Users/MHummel/.npm/path-is-absolute/1.0.1/package/package.json not in flight; writing
453 verbose correctMkdir /Users/MHummel/.npm correctMkdir not in flight; initializing
454 verbose afterAdd /Users/MHummel/.npm/path-is-absolute/1.0.1/package/package.json written
455 silly fetchNamedPackageData wrappy
456 silly mapToRegistry name wrappy
457 silly mapToRegistry using default registry
458 silly mapToRegistry registry https://registry.npmjs.org/
459 silly mapToRegistry data Result {
459 silly mapToRegistry   raw: 'wrappy',
459 silly mapToRegistry   scope: null,
459 silly mapToRegistry   escapedName: 'wrappy',
459 silly mapToRegistry   name: 'wrappy',
459 silly mapToRegistry   rawSpec: '',
459 silly mapToRegistry   spec: 'latest',
459 silly mapToRegistry   type: 'tag' }
460 silly mapToRegistry uri https://registry.npmjs.org/wrappy
461 verbose request uri https://registry.npmjs.org/wrappy
462 verbose request no auth needed
463 info attempt registry request try #1 at 9:24:25 AM
464 verbose etag "59444755-11a6"
465 verbose lastModified Fri, 16 Jun 2017 21:02:13 GMT
466 http request GET https://registry.npmjs.org/wrappy
467 http 200 https://registry.npmjs.org/wrappy
468 verbose headers { date: 'Thu, 14 Jun 2018 13:24:25 GMT',
468 verbose headers   'content-type': 'application/json; charset=UTF-8',
468 verbose headers   'transfer-encoding': 'chunked',
468 verbose headers   connection: 'keep-alive',
468 verbose headers   'set-cookie': [ '__cfduid=d61264769f2f1ed8bbb9a60c41521ccb81528982665; expires=Fri, 14-Jun-19 13:24:25 GMT; path=/; domain=.registry.npmjs.org; HttpOnly' ],
468 verbose headers   'cache-control': 'max-age=300',
468 verbose headers   'cf-cache-status': 'HIT',
468 verbose headers   'cf-ray': '42ad1dfd2b9f9fd2-IAD',
468 verbose headers   etag: 'W/"c2550d84d2c7b8c47da2551ef2c749ac"',
468 verbose headers   'expect-ct': 'max-age=604800, report-uri="https://report-uri.cloudflare.com/cdn-cgi/beacon/expect-ct"',
468 verbose headers   'last-modified': 'Sun, 27 May 2018 22:18:40 GMT',
468 verbose headers   vary: 'accept-encoding, accept',
468 verbose headers   server: 'cloudflare',
468 verbose headers   'content-encoding': 'gzip' }
469 silly get cb [ 200,
469 silly get   { date: 'Thu, 14 Jun 2018 13:24:25 GMT',
469 silly get     'content-type': 'application/json; charset=UTF-8',
469 silly get     'transfer-encoding': 'chunked',
469 silly get     connection: 'keep-alive',
469 silly get     'set-cookie': [ '__cfduid=d61264769f2f1ed8bbb9a60c41521ccb81528982665; expires=Fri, 14-Jun-19 13:24:25 GMT; path=/; domain=.registry.npmjs.org; HttpOnly' ],
469 silly get     'cache-control': 'max-age=300',
469 silly get     'cf-cache-status': 'HIT',
469 silly get     'cf-ray': '42ad1dfd2b9f9fd2-IAD',
469 silly get     etag: 'W/"c2550d84d2c7b8c47da2551ef2c749ac"',
469 silly get     'expect-ct': 'max-age=604800, report-uri="https://report-uri.cloudflare.com/cdn-cgi/beacon/expect-ct"',
469 silly get     'last-modified': 'Sun, 27 May 2018 22:18:40 GMT',
469 silly get     vary: 'accept-encoding, accept',
469 silly get     server: 'cloudflare',
469 silly get     'content-encoding': 'gzip' } ]
470 verbose get saving wrappy to /Users/MHummel/.npm/registry.npmjs.org/wrappy/.cache.json
471 verbose correctMkdir /Users/MHummel/.npm correctMkdir not in flight; initializing
472 silly resolveWithNewModule wrappy@1.0.2 checking installable status
473 silly cache add args [ 'wrappy@1', null ]
474 verbose cache add spec wrappy@1
475 silly cache add parsed spec Result {
475 silly cache add   raw: 'wrappy@1',
475 silly cache add   scope: null,
475 silly cache add   escapedName: 'wrappy',
475 silly cache add   name: 'wrappy',
475 silly cache add   rawSpec: '1',
475 silly cache add   spec: '>=1.0.0 <2.0.0',
475 silly cache add   type: 'range' }
476 silly addNamed wrappy@>=1.0.0 <2.0.0
477 verbose addNamed ">=1.0.0 <2.0.0" is a valid semver range for wrappy
478 silly addNameRange { name: 'wrappy', range: '>=1.0.0 <2.0.0', hasData: false }
479 silly mapToRegistry name wrappy
480 silly mapToRegistry using default registry
481 silly mapToRegistry registry https://registry.npmjs.org/
482 silly mapToRegistry data Result {
482 silly mapToRegistry   raw: 'wrappy',
482 silly mapToRegistry   scope: null,
482 silly mapToRegistry   escapedName: 'wrappy',
482 silly mapToRegistry   name: 'wrappy',
482 silly mapToRegistry   rawSpec: '',
482 silly mapToRegistry   spec: 'latest',
482 silly mapToRegistry   type: 'tag' }
483 silly mapToRegistry uri https://registry.npmjs.org/wrappy
484 verbose addNameRange registry:https://registry.npmjs.org/wrappy not in flight; fetching
485 verbose get https://registry.npmjs.org/wrappy not expired, no request
486 silly addNameRange number 2 { name: 'wrappy', range: '>=1.0.0 <2.0.0', hasData: true }
487 silly addNameRange versions [ 'wrappy', [ '1.0.0', '1.0.1', '1.0.2' ] ]
488 silly addNamed wrappy@1.0.2
489 verbose addNamed "1.0.2" is a plain semver version for wrappy
490 silly cache afterAdd wrappy@1.0.2
491 verbose afterAdd /Users/MHummel/.npm/wrappy/1.0.2/package/package.json not in flight; writing
492 verbose correctMkdir /Users/MHummel/.npm correctMkdir not in flight; initializing
493 verbose afterAdd /Users/MHummel/.npm/wrappy/1.0.2/package/package.json written
494 silly fetchNamedPackageData brace-expansion
495 silly mapToRegistry name brace-expansion
496 silly mapToRegistry using default registry
497 silly mapToRegistry registry https://registry.npmjs.org/
498 silly mapToRegistry data Result {
498 silly mapToRegistry   raw: 'brace-expansion',
498 silly mapToRegistry   scope: null,
498 silly mapToRegistry   escapedName: 'brace-expansion',
498 silly mapToRegistry   name: 'brace-expansion',
498 silly mapToRegistry   rawSpec: '',
498 silly mapToRegistry   spec: 'latest',
498 silly mapToRegistry   type: 'tag' }
499 silly mapToRegistry uri https://registry.npmjs.org/brace-expansion
500 verbose request uri https://registry.npmjs.org/brace-expansion
501 verbose request no auth needed
502 info attempt registry request try #1 at 9:24:25 AM
503 verbose etag "595b97db-595c"
504 verbose lastModified Tue, 4 Jul 2017 13:27:55 GMT
505 http request GET https://registry.npmjs.org/brace-expansion
506 http 200 https://registry.npmjs.org/brace-expansion
507 verbose headers { date: 'Thu, 14 Jun 2018 13:24:25 GMT',
507 verbose headers   'content-type': 'application/json; charset=UTF-8',
507 verbose headers   'transfer-encoding': 'chunked',
507 verbose headers   connection: 'keep-alive',
507 verbose headers   'set-cookie': [ '__cfduid=d280d2f7e4167f918d3c67f707dfc21ab1528982665; expires=Fri, 14-Jun-19 13:24:25 GMT; path=/; domain=.registry.npmjs.org; HttpOnly' ],
507 verbose headers   'cache-control': 'max-age=300',
507 verbose headers   'cf-cache-status': 'HIT',
507 verbose headers   'cf-ray': '42ad1dfd8f4a9f48-IAD',
507 verbose headers   etag: 'W/"e1bb7280c24dff102c3475d67515cff5"',
507 verbose headers   'expect-ct': 'max-age=604800, report-uri="https://report-uri.cloudflare.com/cdn-cgi/beacon/expect-ct"',
507 verbose headers   'last-modified': 'Sat, 26 May 2018 18:55:42 GMT',
507 verbose headers   vary: 'accept-encoding, accept',
507 verbose headers   server: 'cloudflare',
507 verbose headers   'content-encoding': 'gzip' }
508 silly get cb [ 200,
508 silly get   { date: 'Thu, 14 Jun 2018 13:24:25 GMT',
508 silly get     'content-type': 'application/json; charset=UTF-8',
508 silly get     'transfer-encoding': 'chunked',
508 silly get     connection: 'keep-alive',
508 silly get     'set-cookie': [ '__cfduid=d280d2f7e4167f918d3c67f707dfc21ab1528982665; expires=Fri, 14-Jun-19 13:24:25 GMT; path=/; domain=.registry.npmjs.org; HttpOnly' ],
508 silly get     'cache-control': 'max-age=300',
508 silly get     'cf-cache-status': 'HIT',
508 silly get     'cf-ray': '42ad1dfd8f4a9f48-IAD',
508 silly get     etag: 'W/"e1bb7280c24dff102c3475d67515cff5"',
508 silly get     'expect-ct': 'max-age=604800, report-uri="https://report-uri.cloudflare.com/cdn-cgi/beacon/expect-ct"',
508 silly get     'last-modified': 'Sat, 26 May 2018 18:55:42 GMT',
508 silly get     vary: 'accept-encoding, accept',
508 silly get     server: 'cloudflare',
508 silly get     'content-encoding': 'gzip' } ]
509 verbose get saving brace-expansion to /Users/MHummel/.npm/registry.npmjs.org/brace-expansion/.cache.json
510 verbose correctMkdir /Users/MHummel/.npm correctMkdir not in flight; initializing
511 silly resolveWithNewModule brace-expansion@1.1.11 checking installable status
512 silly cache add args [ 'brace-expansion@^1.1.7', null ]
513 verbose cache add spec brace-expansion@^1.1.7
514 silly cache add parsed spec Result {
514 silly cache add   raw: 'brace-expansion@^1.1.7',
514 silly cache add   scope: null,
514 silly cache add   escapedName: 'brace-expansion',
514 silly cache add   name: 'brace-expansion',
514 silly cache add   rawSpec: '^1.1.7',
514 silly cache add   spec: '>=1.1.7 <2.0.0',
514 silly cache add   type: 'range' }
515 silly addNamed brace-expansion@>=1.1.7 <2.0.0
516 verbose addNamed ">=1.1.7 <2.0.0" is a valid semver range for brace-expansion
517 silly addNameRange { name: 'brace-expansion',
517 silly addNameRange   range: '>=1.1.7 <2.0.0',
517 silly addNameRange   hasData: false }
518 silly mapToRegistry name brace-expansion
519 silly mapToRegistry using default registry
520 silly mapToRegistry registry https://registry.npmjs.org/
521 silly mapToRegistry data Result {
521 silly mapToRegistry   raw: 'brace-expansion',
521 silly mapToRegistry   scope: null,
521 silly mapToRegistry   escapedName: 'brace-expansion',
521 silly mapToRegistry   name: 'brace-expansion',
521 silly mapToRegistry   rawSpec: '',
521 silly mapToRegistry   spec: 'latest',
521 silly mapToRegistry   type: 'tag' }
522 silly mapToRegistry uri https://registry.npmjs.org/brace-expansion
523 verbose addNameRange registry:https://registry.npmjs.org/brace-expansion not in flight; fetching
524 verbose get https://registry.npmjs.org/brace-expansion not expired, no request
525 silly addNameRange number 2 { name: 'brace-expansion',
525 silly addNameRange   range: '>=1.1.7 <2.0.0',
525 silly addNameRange   hasData: true }
526 silly addNameRange versions [ 'brace-expansion',
526 silly addNameRange   [ '0.0.0',
526 silly addNameRange     '1.0.0',
526 silly addNameRange     '1.0.1',
526 silly addNameRange     '1.1.0',
526 silly addNameRange     '1.1.1',
526 silly addNameRange     '1.1.2',
526 silly addNameRange     '1.1.3',
526 silly addNameRange     '1.1.4',
526 silly addNameRange     '1.1.5',
526 silly addNameRange     '1.1.6',
526 silly addNameRange     '1.1.7',
526 silly addNameRange     '1.1.8',
526 silly addNameRange     '1.1.9',
526 silly addNameRange     '1.1.10',
526 silly addNameRange     '1.1.11' ] ]
527 silly addNamed brace-expansion@1.1.11
528 verbose addNamed "1.1.11" is a plain semver version for brace-expansion
529 silly mapToRegistry name brace-expansion
530 silly mapToRegistry using default registry
531 silly mapToRegistry registry https://registry.npmjs.org/
532 silly mapToRegistry data Result {
532 silly mapToRegistry   raw: 'brace-expansion',
532 silly mapToRegistry   scope: null,
532 silly mapToRegistry   escapedName: 'brace-expansion',
532 silly mapToRegistry   name: 'brace-expansion',
532 silly mapToRegistry   rawSpec: '',
532 silly mapToRegistry   spec: 'latest',
532 silly mapToRegistry   type: 'tag' }
533 silly mapToRegistry uri https://registry.npmjs.org/brace-expansion
534 verbose addRemoteTarball https://registry.npmjs.org/brace-expansion/-/brace-expansion-1.1.11.tgz not in flight; adding
535 verbose addRemoteTarball [ 'https://registry.npmjs.org/brace-expansion/-/brace-expansion-1.1.11.tgz',
535 verbose addRemoteTarball   '3c7fcbf529d87226f3d2f52b966ff5271eb441dd' ]
536 info retry fetch attempt 1 at 9:24:25 AM
537 info attempt registry request try #1 at 9:24:25 AM
538 http fetch GET https://registry.npmjs.org/brace-expansion/-/brace-expansion-1.1.11.tgz
539 http fetch 200 https://registry.npmjs.org/brace-expansion/-/brace-expansion-1.1.11.tgz
540 silly fetchAndShaCheck shasum 3c7fcbf529d87226f3d2f52b966ff5271eb441dd
541 verbose addTmpTarball /var/folders/0v/q2gmfmx92_gbxs9qkmpdr6680000gp/T/npm-1065-ccc153f0/registry.npmjs.org/brace-expansion/-/brace-expansion-1.1.11.tgz not in flight; adding
542 verbose addTmpTarball already have metadata; skipping unpack for brace-expansion@1.1.11
543 verbose correctMkdir /Users/MHummel/.npm correctMkdir not in flight; initializing
544 silly cache afterAdd brace-expansion@1.1.11
545 verbose afterAdd /Users/MHummel/.npm/brace-expansion/1.1.11/package/package.json not in flight; writing
546 verbose correctMkdir /Users/MHummel/.npm correctMkdir not in flight; initializing
547 verbose afterAdd /Users/MHummel/.npm/brace-expansion/1.1.11/package/package.json written
548 silly fetchNamedPackageData balanced-match
549 silly mapToRegistry name balanced-match
550 silly mapToRegistry using default registry
551 silly mapToRegistry registry https://registry.npmjs.org/
552 silly mapToRegistry data Result {
552 silly mapToRegistry   raw: 'balanced-match',
552 silly mapToRegistry   scope: null,
552 silly mapToRegistry   escapedName: 'balanced-match',
552 silly mapToRegistry   name: 'balanced-match',
552 silly mapToRegistry   rawSpec: '',
552 silly mapToRegistry   spec: 'latest',
552 silly mapToRegistry   type: 'tag' }
553 silly mapToRegistry uri https://registry.npmjs.org/balanced-match
554 silly fetchNamedPackageData concat-map
555 silly mapToRegistry name concat-map
556 silly mapToRegistry using default registry
557 silly mapToRegistry registry https://registry.npmjs.org/
558 silly mapToRegistry data Result {
558 silly mapToRegistry   raw: 'concat-map',
558 silly mapToRegistry   scope: null,
558 silly mapToRegistry   escapedName: 'concat-map',
558 silly mapToRegistry   name: 'concat-map',
558 silly mapToRegistry   rawSpec: '',
558 silly mapToRegistry   spec: 'latest',
558 silly mapToRegistry   type: 'tag' }
559 silly mapToRegistry uri https://registry.npmjs.org/concat-map
560 verbose request uri https://registry.npmjs.org/concat-map
561 verbose request no auth needed
562 info attempt registry request try #1 at 9:24:25 AM
563 verbose etag "52e9c1bb-f3a"
564 verbose lastModified Thu, 30 Jan 2014 3:06:35 GMT
565 http request GET https://registry.npmjs.org/concat-map
566 verbose request uri https://registry.npmjs.org/balanced-match
567 verbose request no auth needed
568 info attempt registry request try #1 at 9:24:25 AM
569 verbose etag "59428b1a-476d"
570 verbose lastModified Thu, 15 Jun 2017 13:26:50 GMT
571 http request GET https://registry.npmjs.org/balanced-match
572 http 200 https://registry.npmjs.org/concat-map
573 verbose headers { date: 'Thu, 14 Jun 2018 13:24:25 GMT',
573 verbose headers   'content-type': 'application/json; charset=UTF-8',
573 verbose headers   'transfer-encoding': 'chunked',
573 verbose headers   connection: 'keep-alive',
573 verbose headers   'set-cookie': [ '__cfduid=d3af2d529dfbc72417ef523d3f69e9ae91528982665; expires=Fri, 14-Jun-19 13:24:25 GMT; path=/; domain=.registry.npmjs.org; HttpOnly' ],
573 verbose headers   'cache-control': 'max-age=300',
573 verbose headers   'cf-cache-status': 'HIT',
573 verbose headers   'cf-ray': '42ad1dfe581e958c-IAD',
573 verbose headers   etag: 'W/"94c413d99b46c784f563e6153e58a1d4"',
573 verbose headers   'expect-ct': 'max-age=604800, report-uri="https://report-uri.cloudflare.com/cdn-cgi/beacon/expect-ct"',
573 verbose headers   'last-modified': 'Sat, 26 May 2018 20:40:55 GMT',
573 verbose headers   vary: 'accept-encoding, accept',
573 verbose headers   server: 'cloudflare',
573 verbose headers   'content-encoding': 'gzip' }
574 silly get cb [ 200,
574 silly get   { date: 'Thu, 14 Jun 2018 13:24:25 GMT',
574 silly get     'content-type': 'application/json; charset=UTF-8',
574 silly get     'transfer-encoding': 'chunked',
574 silly get     connection: 'keep-alive',
574 silly get     'set-cookie': [ '__cfduid=d3af2d529dfbc72417ef523d3f69e9ae91528982665; expires=Fri, 14-Jun-19 13:24:25 GMT; path=/; domain=.registry.npmjs.org; HttpOnly' ],
574 silly get     'cache-control': 'max-age=300',
574 silly get     'cf-cache-status': 'HIT',
574 silly get     'cf-ray': '42ad1dfe581e958c-IAD',
574 silly get     etag: 'W/"94c413d99b46c784f563e6153e58a1d4"',
574 silly get     'expect-ct': 'max-age=604800, report-uri="https://report-uri.cloudflare.com/cdn-cgi/beacon/expect-ct"',
574 silly get     'last-modified': 'Sat, 26 May 2018 20:40:55 GMT',
574 silly get     vary: 'accept-encoding, accept',
574 silly get     server: 'cloudflare',
574 silly get     'content-encoding': 'gzip' } ]
575 verbose get saving concat-map to /Users/MHummel/.npm/registry.npmjs.org/concat-map/.cache.json
576 verbose correctMkdir /Users/MHummel/.npm correctMkdir not in flight; initializing
577 silly resolveWithNewModule concat-map@0.0.1 checking installable status
578 silly cache add args [ 'concat-map@0.0.1', null ]
579 verbose cache add spec concat-map@0.0.1
580 silly cache add parsed spec Result {
580 silly cache add   raw: 'concat-map@0.0.1',
580 silly cache add   scope: null,
580 silly cache add   escapedName: 'concat-map',
580 silly cache add   name: 'concat-map',
580 silly cache add   rawSpec: '0.0.1',
580 silly cache add   spec: '0.0.1',
580 silly cache add   type: 'version' }
581 silly addNamed concat-map@0.0.1
582 verbose addNamed "0.0.1" is a plain semver version for concat-map
583 silly mapToRegistry name concat-map
584 silly mapToRegistry using default registry
585 silly mapToRegistry registry https://registry.npmjs.org/
586 silly mapToRegistry data Result {
586 silly mapToRegistry   raw: 'concat-map',
586 silly mapToRegistry   scope: null,
586 silly mapToRegistry   escapedName: 'concat-map',
586 silly mapToRegistry   name: 'concat-map',
586 silly mapToRegistry   rawSpec: '',
586 silly mapToRegistry   spec: 'latest',
586 silly mapToRegistry   type: 'tag' }
587 silly mapToRegistry uri https://registry.npmjs.org/concat-map
588 verbose addNameVersion registry:https://registry.npmjs.org/concat-map not in flight; fetching
589 verbose get https://registry.npmjs.org/concat-map not expired, no request
590 silly cache afterAdd concat-map@0.0.1
591 verbose afterAdd /Users/MHummel/.npm/concat-map/0.0.1/package/package.json not in flight; writing
592 verbose correctMkdir /Users/MHummel/.npm correctMkdir not in flight; initializing
593 verbose afterAdd /Users/MHummel/.npm/concat-map/0.0.1/package/package.json written
594 http 200 https://registry.npmjs.org/balanced-match
595 verbose headers { date: 'Thu, 14 Jun 2018 13:24:27 GMT',
595 verbose headers   'content-type': 'application/json; charset=UTF-8',
595 verbose headers   'transfer-encoding': 'chunked',
595 verbose headers   connection: 'keep-alive',
595 verbose headers   'set-cookie': [ '__cfduid=d3af2d529dfbc72417ef523d3f69e9ae91528982665; expires=Fri, 14-Jun-19 13:24:25 GMT; path=/; domain=.registry.npmjs.org; HttpOnly' ],
595 verbose headers   'cache-control': 'max-age=300',
595 verbose headers   'cf-cache-status': 'HIT',
595 verbose headers   'cf-ray': '42ad1dfe5823958c-IAD',
595 verbose headers   etag: 'W/"768eec147806bc710f6b097c6384abbf"',
595 verbose headers   'expect-ct': 'max-age=604800, report-uri="https://report-uri.cloudflare.com/cdn-cgi/beacon/expect-ct"',
595 verbose headers   'last-modified': 'Sat, 26 May 2018 01:46:26 GMT',
595 verbose headers   vary: 'accept-encoding, accept',
595 verbose headers   server: 'cloudflare',
595 verbose headers   'content-encoding': 'gzip' }
596 silly get cb [ 200,
596 silly get   { date: 'Thu, 14 Jun 2018 13:24:27 GMT',
596 silly get     'content-type': 'application/json; charset=UTF-8',
596 silly get     'transfer-encoding': 'chunked',
596 silly get     connection: 'keep-alive',
596 silly get     'set-cookie': [ '__cfduid=d3af2d529dfbc72417ef523d3f69e9ae91528982665; expires=Fri, 14-Jun-19 13:24:25 GMT; path=/; domain=.registry.npmjs.org; HttpOnly' ],
596 silly get     'cache-control': 'max-age=300',
596 silly get     'cf-cache-status': 'HIT',
596 silly get     'cf-ray': '42ad1dfe5823958c-IAD',
596 silly get     etag: 'W/"768eec147806bc710f6b097c6384abbf"',
596 silly get     'expect-ct': 'max-age=604800, report-uri="https://report-uri.cloudflare.com/cdn-cgi/beacon/expect-ct"',
596 silly get     'last-modified': 'Sat, 26 May 2018 01:46:26 GMT',
596 silly get     vary: 'accept-encoding, accept',
596 silly get     server: 'cloudflare',
596 silly get     'content-encoding': 'gzip' } ]
597 verbose get saving balanced-match to /Users/MHummel/.npm/registry.npmjs.org/balanced-match/.cache.json
598 verbose correctMkdir /Users/MHummel/.npm correctMkdir not in flight; initializing
599 silly resolveWithNewModule balanced-match@1.0.0 checking installable status
600 silly cache add args [ 'balanced-match@^1.0.0', null ]
601 verbose cache add spec balanced-match@^1.0.0
602 silly cache add parsed spec Result {
602 silly cache add   raw: 'balanced-match@^1.0.0',
602 silly cache add   scope: null,
602 silly cache add   escapedName: 'balanced-match',
602 silly cache add   name: 'balanced-match',
602 silly cache add   rawSpec: '^1.0.0',
602 silly cache add   spec: '>=1.0.0 <2.0.0',
602 silly cache add   type: 'range' }
603 silly addNamed balanced-match@>=1.0.0 <2.0.0
604 verbose addNamed ">=1.0.0 <2.0.0" is a valid semver range for balanced-match
605 silly addNameRange { name: 'balanced-match',
605 silly addNameRange   range: '>=1.0.0 <2.0.0',
605 silly addNameRange   hasData: false }
606 silly mapToRegistry name balanced-match
607 silly mapToRegistry using default registry
608 silly mapToRegistry registry https://registry.npmjs.org/
609 silly mapToRegistry data Result {
609 silly mapToRegistry   raw: 'balanced-match',
609 silly mapToRegistry   scope: null,
609 silly mapToRegistry   escapedName: 'balanced-match',
609 silly mapToRegistry   name: 'balanced-match',
609 silly mapToRegistry   rawSpec: '',
609 silly mapToRegistry   spec: 'latest',
609 silly mapToRegistry   type: 'tag' }
610 silly mapToRegistry uri https://registry.npmjs.org/balanced-match
611 verbose addNameRange registry:https://registry.npmjs.org/balanced-match not in flight; fetching
612 verbose get https://registry.npmjs.org/balanced-match not expired, no request
613 silly addNameRange number 2 { name: 'balanced-match',
613 silly addNameRange   range: '>=1.0.0 <2.0.0',
613 silly addNameRange   hasData: true }
614 silly addNameRange versions [ 'balanced-match',
614 silly addNameRange   [ '0.0.0',
614 silly addNameRange     '0.0.1',
614 silly addNameRange     '0.1.0',
614 silly addNameRange     '0.2.0',
614 silly addNameRange     '0.2.1',
614 silly addNameRange     '0.3.0',
614 silly addNameRange     '0.4.0',
614 silly addNameRange     '0.4.1',
614 silly addNameRange     '0.4.2',
614 silly addNameRange     '1.0.0' ] ]
615 silly addNamed balanced-match@1.0.0
616 verbose addNamed "1.0.0" is a plain semver version for balanced-match
617 silly cache afterAdd balanced-match@1.0.0
618 verbose afterAdd /Users/MHummel/.npm/balanced-match/1.0.0/package/package.json not in flight; writing
619 verbose correctMkdir /Users/MHummel/.npm correctMkdir not in flight; initializing
620 verbose afterAdd /Users/MHummel/.npm/balanced-match/1.0.0/package/package.json written
621 silly fetchNamedPackageData abbrev
622 silly mapToRegistry name abbrev
623 silly mapToRegistry using default registry
624 silly mapToRegistry registry https://registry.npmjs.org/
625 silly mapToRegistry data Result {
625 silly mapToRegistry   raw: 'abbrev',
625 silly mapToRegistry   scope: null,
625 silly mapToRegistry   escapedName: 'abbrev',
625 silly mapToRegistry   name: 'abbrev',
625 silly mapToRegistry   rawSpec: '',
625 silly mapToRegistry   spec: 'latest',
625 silly mapToRegistry   type: 'tag' }
626 silly mapToRegistry uri https://registry.npmjs.org/abbrev
627 verbose request uri https://registry.npmjs.org/abbrev
628 verbose request no auth needed
629 info attempt registry request try #1 at 9:24:27 AM
630 verbose etag "59cc62b1-23b4"
631 verbose lastModified Thu, 28 Sep 2017 2:47:13 GMT
632 http request GET https://registry.npmjs.org/abbrev
633 http 200 https://registry.npmjs.org/abbrev
634 verbose headers { date: 'Thu, 14 Jun 2018 13:24:27 GMT',
634 verbose headers   'content-type': 'application/json; charset=UTF-8',
634 verbose headers   'transfer-encoding': 'chunked',
634 verbose headers   connection: 'keep-alive',
634 verbose headers   'set-cookie': [ '__cfduid=d7f26467e84cbf26438bb4c1cc821a7051528982667; expires=Fri, 14-Jun-19 13:24:27 GMT; path=/; domain=.registry.npmjs.org; HttpOnly' ],
634 verbose headers   'cache-control': 'max-age=300',
634 verbose headers   'cf-cache-status': 'HIT',
634 verbose headers   'cf-ray': '42ad1e074ed89fd2-IAD',
634 verbose headers   etag: 'W/"33e72d5d2da378b49ce64515b48ede5e"',
634 verbose headers   'expect-ct': 'max-age=604800, report-uri="https://report-uri.cloudflare.com/cdn-cgi/beacon/expect-ct"',
634 verbose headers   'last-modified': 'Sat, 26 May 2018 16:03:07 GMT',
634 verbose headers   vary: 'accept-encoding, accept',
634 verbose headers   server: 'cloudflare',
634 verbose headers   'content-encoding': 'gzip' }
635 silly get cb [ 200,
635 silly get   { date: 'Thu, 14 Jun 2018 13:24:27 GMT',
635 silly get     'content-type': 'application/json; charset=UTF-8',
635 silly get     'transfer-encoding': 'chunked',
635 silly get     connection: 'keep-alive',
635 silly get     'set-cookie': [ '__cfduid=d7f26467e84cbf26438bb4c1cc821a7051528982667; expires=Fri, 14-Jun-19 13:24:27 GMT; path=/; domain=.registry.npmjs.org; HttpOnly' ],
635 silly get     'cache-control': 'max-age=300',
635 silly get     'cf-cache-status': 'HIT',
635 silly get     'cf-ray': '42ad1e074ed89fd2-IAD',
635 silly get     etag: 'W/"33e72d5d2da378b49ce64515b48ede5e"',
635 silly get     'expect-ct': 'max-age=604800, report-uri="https://report-uri.cloudflare.com/cdn-cgi/beacon/expect-ct"',
635 silly get     'last-modified': 'Sat, 26 May 2018 16:03:07 GMT',
635 silly get     vary: 'accept-encoding, accept',
635 silly get     server: 'cloudflare',
635 silly get     'content-encoding': 'gzip' } ]
636 verbose get saving abbrev to /Users/MHummel/.npm/registry.npmjs.org/abbrev/.cache.json
637 verbose correctMkdir /Users/MHummel/.npm correctMkdir not in flight; initializing
638 silly resolveWithNewModule abbrev@1.1.1 checking installable status
639 silly cache add args [ 'abbrev@1', null ]
640 verbose cache add spec abbrev@1
641 silly cache add parsed spec Result {
641 silly cache add   raw: 'abbrev@1',
641 silly cache add   scope: null,
641 silly cache add   escapedName: 'abbrev',
641 silly cache add   name: 'abbrev',
641 silly cache add   rawSpec: '1',
641 silly cache add   spec: '>=1.0.0 <2.0.0',
641 silly cache add   type: 'range' }
642 silly addNamed abbrev@>=1.0.0 <2.0.0
643 verbose addNamed ">=1.0.0 <2.0.0" is a valid semver range for abbrev
644 silly addNameRange { name: 'abbrev', range: '>=1.0.0 <2.0.0', hasData: false }
645 silly mapToRegistry name abbrev
646 silly mapToRegistry using default registry
647 silly mapToRegistry registry https://registry.npmjs.org/
648 silly mapToRegistry data Result {
648 silly mapToRegistry   raw: 'abbrev',
648 silly mapToRegistry   scope: null,
648 silly mapToRegistry   escapedName: 'abbrev',
648 silly mapToRegistry   name: 'abbrev',
648 silly mapToRegistry   rawSpec: '',
648 silly mapToRegistry   spec: 'latest',
648 silly mapToRegistry   type: 'tag' }
649 silly mapToRegistry uri https://registry.npmjs.org/abbrev
650 verbose addNameRange registry:https://registry.npmjs.org/abbrev not in flight; fetching
651 verbose get https://registry.npmjs.org/abbrev not expired, no request
652 silly addNameRange number 2 { name: 'abbrev', range: '>=1.0.0 <2.0.0', hasData: true }
653 silly addNameRange versions [ 'abbrev',
653 silly addNameRange   [ '1.0.3',
653 silly addNameRange     '1.0.4',
653 silly addNameRange     '1.0.5',
653 silly addNameRange     '1.0.6',
653 silly addNameRange     '1.0.7',
653 silly addNameRange     '1.0.9',
653 silly addNameRange     '1.1.0',
653 silly addNameRange     '1.1.1' ] ]
654 silly addNamed abbrev@1.1.1
655 verbose addNamed "1.1.1" is a plain semver version for abbrev
656 silly cache afterAdd abbrev@1.1.1
657 verbose afterAdd /Users/MHummel/.npm/abbrev/1.1.1/package/package.json not in flight; writing
658 verbose correctMkdir /Users/MHummel/.npm correctMkdir not in flight; initializing
659 verbose afterAdd /Users/MHummel/.npm/abbrev/1.1.1/package/package.json written
660 silly loadAllDepsIntoIdealTree Finishing
661 silly loadIdealTree Finishing
662 silly currentTree lib
662 silly currentTree  grunt-cli@1.2.0
662 silly currentTree    abbrev@1.1.1
662 silly currentTree    balanced-match@1.0.0
662 silly currentTree    brace-expansion@1.1.8
662 silly currentTree    concat-map@0.0.1
662 silly currentTree    findup-sync@0.3.0
662 silly currentTree    glob@5.0.15
662 silly currentTree    grunt-known-options@1.1.0
662 silly currentTree    inflight@1.0.6
662 silly currentTree    inherits@2.0.3
662 silly currentTree    minimatch@3.0.4
662 silly currentTree    nopt@3.0.6
662 silly currentTree    once@1.4.0
662 silly currentTree    path-is-absolute@1.0.1
662 silly currentTree    resolve@1.1.7
662 silly currentTree    wrappy@1.0.2
663 silly idealTree lib
663 silly idealTree  grunt-cli@1.2.0
663 silly idealTree    abbrev@1.1.1
663 silly idealTree    balanced-match@1.0.0
663 silly idealTree    brace-expansion@1.1.11
663 silly idealTree    concat-map@0.0.1
663 silly idealTree    findup-sync@0.3.0
663 silly idealTree    glob@5.0.15
663 silly idealTree    grunt-known-options@1.1.0
663 silly idealTree    inflight@1.0.6
663 silly idealTree    inherits@2.0.3
663 silly idealTree    minimatch@3.0.4
663 silly idealTree    nopt@3.0.6
663 silly idealTree    once@1.4.0
663 silly idealTree    path-is-absolute@1.0.1
663 silly idealTree    resolve@1.1.7
663 silly idealTree    wrappy@1.0.2
664 silly generateActionsToTake Starting
665 silly install generateActionsToTake
666 warn checkPermissions Missing write access to /usr/local/lib/node_modules/grunt-cli/node_modules/brace-expansion
667 warn checkPermissions Missing write access to /usr/local/lib/node_modules/grunt-cli
668 warn checkPermissions Missing write access to /usr/local/lib/node_modules/grunt-cli/node_modules
669 warn checkPermissions Missing write access to /usr/local/lib/node_modules
670 silly rollbackFailedOptional Starting
671 silly rollbackFailedOptional Finishing
672 silly runTopLevelLifecycles Finishing
673 silly install printInstalled
674 verbose stack Error: EACCES: permission denied, access '/usr/local/lib/node_modules/grunt-cli/node_modules/brace-expansion'
674 verbose stack     at Error (native)
675 verbose cwd /Applications/MAMP/htdocs/wp-content/themes/gcc-wp-2018
676 error Darwin 16.7.0
677 error argv "/usr/local/bin/node" "/usr/local/bin/npm" "install" "-g" "grunt-cli"
678 error node v6.11.3
679 error npm  v3.10.10
680 error path /usr/local/lib/node_modules/grunt-cli/node_modules/brace-expansion
681 error code EACCES
682 error errno -13
683 error syscall access
684 error Error: EACCES: permission denied, access '/usr/local/lib/node_modules/grunt-cli/node_modules/brace-expansion'
684 error     at Error (native)
684 error  { Error: EACCES: permission denied, access '/usr/local/lib/node_modules/grunt-cli/node_modules/brace-expansion'
684 error     at Error (native)
684 error   errno: -13,
684 error   code: 'EACCES',
684 error   syscall: 'access',
684 error   path: '/usr/local/lib/node_modules/grunt-cli/node_modules/brace-expansion' }
685 error Please try running this command again as root/Administrator.
686 verbose exit [ -13, true ]
